2023-01-15 22:10:32,555 [INFO] Activator:179 - 


2023-01-15 22:10:32,556 [INFO] Activator:180 - !SESSION log4j initialized
2023-01-15 22:10:38,548 [INFO] McuFinderGlobals:52 - Set McuFinder mode to 2 (CubeIDE integrated)
2023-01-15 22:10:38,682 [INFO] ApplicationProperties:181 - Using Application install path: C:\ST\STM32CubeIDE_1.11.0\STM32CubeIDE\plugins\com.st.stm32cube.common.mx_6.7.0.202211181646
2023-01-15 22:10:38,698 [INFO] DbMcusXml:77 - Set database path to: C:\ST\STM32CubeIDE_1.11.0\STM32CubeIDE\plugins\com.st.stm32cube.common.mx_6.7.0.202211181646\\db\/mcu/
2023-01-15 22:10:38,698 [INFO] ApiDb:273 - Set plugin database path to: C:\ST\STM32CubeIDE_1.11.0\STM32CubeIDE\plugins\com.st.stm32cube.common.mx_6.7.0.202211181646\\db\/plugins/boardmanager/
2023-01-15 22:10:38,700 [WARN] ApiDb:258 - Overriding images path with different value:  => C:\ST\STM32CubeIDE_1.11.0\STM32CubeIDE\plugins\com.st.stm32cube.common.mx_6.7.0.202211181646\\db\/plugins/mcufinder/images/
2023-01-15 22:10:38,711 [INFO] ApiDb:249 - Set database path to: C:\Users\pawee\.stmcufinder\plugins\mcufinder//mcu/
2023-01-15 22:10:38,712 [INFO] DbMcusAds:124 - Set database path to: C:\Users\pawee\.stmcufinder\plugins\mcufinder//mcu/
2023-01-15 22:10:38,715 [INFO] CrossReferenceDbSqlite:202 - Set database path to: C:\Users\pawee\.stmcufinder\plugins\mcufinder//mcu/cs/
2023-01-15 22:10:38,800 [INFO] RulesReader:61 - Compatibility file has been processed (283 Rules)
2023-01-15 22:10:38,875 [INFO] DbMcusXml:77 - Set database path to: C:\ST\STM32CubeIDE_1.11.0\STM32CubeIDE\plugins\com.st.stm32cube.common.mx_6.7.0.202211181646\\db\/mcu/
2023-01-15 22:10:38,875 [INFO] ApiDb:273 - Set plugin database path to: C:\ST\STM32CubeIDE_1.11.0\STM32CubeIDE\plugins\com.st.stm32cube.common.mx_6.7.0.202211181646\\db\/plugins/boardmanager/
2023-01-15 22:10:38,875 [INFO] ApiDb:260 - Set plugin images path to: C:\ST\STM32CubeIDE_1.11.0\STM32CubeIDE\plugins\com.st.stm32cube.common.mx_6.7.0.202211181646\\db\/plugins/mcufinder/images/
2023-01-15 22:10:38,875 [WARN] DbFile:40 - Overriding database path with different value: C:\Users\pawee\.stmcufinder\plugins\mcufinder/ => C:\Users\pawee\.stmcufinder\plugins\mcufinder
2023-01-15 22:10:38,876 [INFO] ApiDb:249 - Set database path to: C:\Users\pawee\.stmcufinder\plugins\mcufinder//mcu/
2023-01-15 22:10:38,876 [WARN] DbFile:40 - Overriding database path with different value: C:\Users\pawee\.stmcufinder\plugins\mcufinder/ => C:\Users\pawee\.stmcufinder\plugins\mcufinder
2023-01-15 22:10:38,876 [INFO] DbMcusAds:124 - Set database path to: C:\Users\pawee\.stmcufinder\plugins\mcufinder//mcu/
2023-01-15 22:10:38,877 [WARN] DbFile:40 - Overriding database path with different value: C:\Users\pawee\.stmcufinder\plugins\mcufinder/ => C:\Users\pawee\.stmcufinder\plugins\mcufinder
2023-01-15 22:10:38,877 [WARN] DbFile:40 - Overriding database path with different value: C:\Users\pawee\.stmcufinder\plugins\mcufinder/ => C:\Users\pawee\.stmcufinder\plugins\mcufinder
2023-01-15 22:10:38,877 [INFO] CrossReferenceDbSqlite:202 - Set database path to: C:\Users\pawee\.stmcufinder\plugins\mcufinder//mcu/cs/
2023-01-15 22:10:38,938 [INFO] MainPanel:252 - HeapMemory: 268435456
2023-01-15 22:10:39,009 [INFO] DbMcusXml:77 - Set database path to: C:\ST\STM32CubeIDE_1.11.0\STM32CubeIDE\plugins\com.st.stm32cube.common.mx_6.7.0.202211181646\\db\/mcu/
2023-01-15 22:10:39,009 [INFO] ApiDb:273 - Set plugin database path to: C:\ST\STM32CubeIDE_1.11.0\STM32CubeIDE\plugins\com.st.stm32cube.common.mx_6.7.0.202211181646\\db\/plugins/boardmanager/
2023-01-15 22:10:39,009 [INFO] ApiDb:260 - Set plugin images path to: C:\ST\STM32CubeIDE_1.11.0\STM32CubeIDE\plugins\com.st.stm32cube.common.mx_6.7.0.202211181646\\db\/plugins/mcufinder/images/
2023-01-15 22:10:39,010 [WARN] DbFile:40 - Overriding database path with different value: C:\Users\pawee\.stmcufinder\plugins\mcufinder/ => C:\Users\pawee\.stmcufinder\plugins\mcufinder
2023-01-15 22:10:39,010 [INFO] ApiDb:249 - Set database path to: C:\Users\pawee\.stmcufinder\plugins\mcufinder//mcu/
2023-01-15 22:10:39,010 [WARN] DbFile:40 - Overriding database path with different value: C:\Users\pawee\.stmcufinder\plugins\mcufinder/ => C:\Users\pawee\.stmcufinder\plugins\mcufinder
2023-01-15 22:10:39,010 [INFO] DbMcusAds:124 - Set database path to: C:\Users\pawee\.stmcufinder\plugins\mcufinder//mcu/
2023-01-15 22:10:39,010 [WARN] DbFile:40 - Overriding database path with different value: C:\Users\pawee\.stmcufinder\plugins\mcufinder/ => C:\Users\pawee\.stmcufinder\plugins\mcufinder
2023-01-15 22:10:39,010 [WARN] DbFile:40 - Overriding database path with different value: C:\Users\pawee\.stmcufinder\plugins\mcufinder/ => C:\Users\pawee\.stmcufinder\plugins\mcufinder
2023-01-15 22:10:39,010 [INFO] CrossReferenceDbSqlite:202 - Set database path to: C:\Users\pawee\.stmcufinder\plugins\mcufinder//mcu/cs/
2023-01-15 22:10:39,026 [INFO] ApplicationProperties:181 - Using Application install path: C:\ST\STM32CubeIDE_1.11.0\STM32CubeIDE\plugins\com.st.stm32cube.common.mx_6.7.0.202211181646
2023-01-15 22:10:39,028 [INFO] PluginManage:193 - Search for loadable plugins [exclusion list=, ]
2023-01-15 22:10:39,029 [INFO] PluginManage:307 - Check plugin analytics
2023-01-15 22:10:39,139 [INFO] AnalyticsPlugin:262 - Accepted Software Licenses: 
2023-01-15 22:10:39,140 [INFO] AnalyticsPlugin:264 - Accepted CMSIS Pack Licenses: 
2023-01-15 22:10:39,141 [INFO] AnalyticsPlugin:266 - Accepted Firmware Licenses: FW.F4.1.27.0
2023-01-15 22:10:39,150 [INFO] PluginManage:356 - Loaded plugin analytics (category:tool,tabindex:-1)
2023-01-15 22:10:39,151 [INFO] PluginManage:307 - Check plugin cadmodel
2023-01-15 22:10:39,157 [INFO] CADModel:104 - Init CAD model plugin
2023-01-15 22:10:39,157 [INFO] PluginManage:356 - Loaded plugin cadmodel (category:power,tabindex:5)
2023-01-15 22:10:39,157 [INFO] PluginManage:307 - Check plugin clock
2023-01-15 22:10:39,167 [INFO] PluginManage:356 - Loaded plugin clock (category:base,tabindex:2)
2023-01-15 22:10:39,167 [INFO] PluginManage:307 - Check plugin ddr
2023-01-15 22:10:39,169 [INFO] PluginManage:356 - Loaded plugin ddr (category:tool,tabindex:6)
2023-01-15 22:10:39,169 [INFO] PluginManage:307 - Check plugin filemanager
2023-01-15 22:10:39,302 [INFO] PluginManage:356 - Loaded plugin filemanager (category:base,tabindex:10)
2023-01-15 22:10:39,302 [INFO] PluginManage:307 - Check plugin ipmanager
2023-01-15 22:10:39,308 [INFO] PluginManage:356 - Loaded plugin ipmanager (category:base,tabindex:5)
2023-01-15 22:10:39,308 [INFO] PluginManage:307 - Check plugin lpbam
2023-01-15 22:10:39,315 [INFO] PluginManage:356 - Loaded plugin lpbam (category:base,tabindex:0)
2023-01-15 22:10:39,315 [INFO] PluginManage:307 - Check plugin pinoutandconfiguration
2023-01-15 22:10:39,322 [INFO] PluginManage:356 - Loaded plugin pinoutandconfiguration (category:base,tabindex:1)
2023-01-15 22:10:39,322 [INFO] PluginManage:307 - Check plugin pinoutconfig
2023-01-15 22:10:39,343 [INFO] PluginManage:356 - Loaded plugin pinoutconfig (category:base,tabindex:0)
2023-01-15 22:10:39,343 [INFO] PluginManage:307 - Check plugin power
2023-01-15 22:10:39,350 [INFO] PluginManage:356 - Loaded plugin power (category:power,tabindex:4)
2023-01-15 22:10:39,350 [INFO] PluginManage:307 - Check plugin projectmanager
2023-01-15 22:10:39,363 [INFO] PluginManage:356 - Loaded plugin projectmanager (category:projectmanager,tabindex:3)
2023-01-15 22:10:39,363 [INFO] PluginManage:307 - Check plugin thirdparty
2023-01-15 22:10:39,462 [INFO] PluginManage:356 - Loaded plugin thirdparty (category:base,tabindex:-1)
2023-01-15 22:10:39,463 [WARN] IntegrityCheckThread:82 - waiting for thirdparty lock release [integrity check]
2023-01-15 22:10:39,463 [INFO] PluginManage:307 - Check plugin tools
2023-01-15 22:10:39,463 [INFO] IntegrityCheckThread:84 - entering critical section [integrity check]
2023-01-15 22:10:39,465 [INFO] ThirdPartyUpdaterWithRetryManager:70 - Updater plugin not ready yet. [1/15]
2023-01-15 22:10:39,465 [INFO] PluginManage:356 - Loaded plugin tools (category:base,tabindex:7)
2023-01-15 22:10:39,465 [INFO] PluginManage:307 - Check plugin tutovideos
2023-01-15 22:10:39,607 [INFO] PluginManage:356 - Loaded plugin tutovideos (category:base,tabindex:-1)
2023-01-15 22:10:39,608 [INFO] PluginManage:307 - Check plugin updater
2023-01-15 22:10:39,618 [INFO] PluginManage:356 - Loaded plugin updater (category:base,tabindex:12)
2023-01-15 22:10:39,619 [INFO] PluginManage:280 - PluginManage : Loaded plugins [15]
2023-01-15 22:10:39,816 [INFO] PinOutPanel:1477 - setPackage(No Configuration,No Configuration)
2023-01-15 22:10:39,876 [INFO] CADModel:164 - CPN selected for project level
2023-01-15 22:10:39,876 [INFO] CADModel:113 - Register for checkConnection events
2023-01-15 22:10:39,891 [INFO] IPUIPlugin:79 - create IPUIPlugin
2023-01-15 22:10:39,891 [INFO] PluginManager:219 - loadIPPluginJar : add adc
2023-01-15 22:10:39,893 [INFO] IPUIPlugin:79 - create IPUIPlugin
2023-01-15 22:10:39,893 [INFO] PluginManager:219 - loadIPPluginJar : add aes
2023-01-15 22:10:39,895 [INFO] IPUIPlugin:79 - create IPUIPlugin
2023-01-15 22:10:39,895 [INFO] PluginManager:219 - loadIPPluginJar : add can
2023-01-15 22:10:39,896 [INFO] IPUIPlugin:79 - create IPUIPlugin
2023-01-15 22:10:39,896 [INFO] PluginManager:219 - loadIPPluginJar : add comp
2023-01-15 22:10:39,898 [INFO] IPUIPlugin:79 - create IPUIPlugin
2023-01-15 22:10:39,898 [INFO] PluginManager:219 - loadIPPluginJar : add cryp
2023-01-15 22:10:39,900 [INFO] IPUIPlugin:79 - create IPUIPlugin
2023-01-15 22:10:39,900 [INFO] PluginManager:219 - loadIPPluginJar : add dfsdm
2023-01-15 22:10:39,904 [INFO] IPUIPlugin:79 - create IPUIPlugin
2023-01-15 22:10:39,904 [INFO] PluginManager:219 - loadIPPluginJar : add dma
2023-01-15 22:10:39,906 [INFO] IPUIPlugin:79 - create IPUIPlugin
2023-01-15 22:10:39,906 [INFO] PluginManager:219 - loadIPPluginJar : add dma3
2023-01-15 22:10:39,907 [INFO] IPUIPlugin:79 - create IPUIPlugin
2023-01-15 22:10:39,907 [INFO] PluginManager:219 - loadIPPluginJar : add fatfs
2023-01-15 22:10:39,911 [INFO] IPUIPlugin:79 - create IPUIPlugin
2023-01-15 22:10:39,911 [INFO] PluginManager:219 - loadIPPluginJar : add fmc
2023-01-15 22:10:39,916 [INFO] IPUIPlugin:79 - create IPUIPlugin
2023-01-15 22:10:39,918 [INFO] PluginManager:219 - loadIPPluginJar : add freertos
2023-01-15 22:10:39,920 [INFO] IPUIPlugin:79 - create IPUIPlugin
2023-01-15 22:10:39,920 [INFO] PluginManager:219 - loadIPPluginJar : add genericplugin
2023-01-15 22:10:39,922 [INFO] IPUIPlugin:79 - create IPUIPlugin
2023-01-15 22:10:39,923 [INFO] PluginManager:219 - loadIPPluginJar : add gfxmmu
2023-01-15 22:10:39,927 [INFO] IPUIPlugin:79 - create IPUIPlugin
2023-01-15 22:10:39,927 [INFO] PluginManager:219 - loadIPPluginJar : add gic
2023-01-15 22:10:39,931 [INFO] IPUIPlugin:79 - create IPUIPlugin
2023-01-15 22:10:39,931 [INFO] PluginManager:219 - loadIPPluginJar : add gpio
2023-01-15 22:10:39,934 [INFO] IPUIPlugin:79 - create IPUIPlugin
2023-01-15 22:10:39,934 [INFO] PluginManager:219 - loadIPPluginJar : add gtzc
2023-01-15 22:10:39,936 [INFO] IPUIPlugin:79 - create IPUIPlugin
2023-01-15 22:10:39,936 [INFO] PluginManager:219 - loadIPPluginJar : add hash
2023-01-15 22:10:39,938 [INFO] IPUIPlugin:79 - create IPUIPlugin
2023-01-15 22:10:39,938 [INFO] PluginManager:219 - loadIPPluginJar : add i2c
2023-01-15 22:10:39,940 [INFO] IPUIPlugin:79 - create IPUIPlugin
2023-01-15 22:10:39,940 [INFO] PluginManager:219 - loadIPPluginJar : add i2s
2023-01-15 22:10:39,943 [INFO] IPUIPlugin:79 - create IPUIPlugin
2023-01-15 22:10:39,943 [INFO] PluginManager:219 - loadIPPluginJar : add ipddr
2023-01-15 22:10:39,949 [INFO] IPUIPlugin:79 - create IPUIPlugin
2023-01-15 22:10:39,949 [INFO] PluginManager:219 - loadIPPluginJar : add linkedlist
2023-01-15 22:10:39,953 [INFO] IPUIPlugin:79 - create IPUIPlugin
2023-01-15 22:10:39,954 [INFO] PluginManager:219 - loadIPPluginJar : add lorawan
2023-01-15 22:10:39,955 [INFO] IPUIPlugin:79 - create IPUIPlugin
2023-01-15 22:10:39,955 [INFO] PluginManager:219 - loadIPPluginJar : add ltdc
2023-01-15 22:10:39,959 [INFO] IPUIPlugin:79 - create IPUIPlugin
2023-01-15 22:10:39,959 [INFO] PluginManager:219 - loadIPPluginJar : add mdma
2023-01-15 22:10:39,962 [INFO] IPUIPlugin:79 - create IPUIPlugin
2023-01-15 22:10:39,962 [INFO] PluginManager:219 - loadIPPluginJar : add nvic
2023-01-15 22:10:39,964 [INFO] IPUIPlugin:79 - create IPUIPlugin
2023-01-15 22:10:39,964 [INFO] PluginManager:219 - loadIPPluginJar : add opamp
2023-01-15 22:10:39,966 [INFO] IPUIPlugin:79 - create IPUIPlugin
2023-01-15 22:10:39,966 [INFO] PluginManager:219 - loadIPPluginJar : add openamp
2023-01-15 22:10:39,968 [INFO] IPUIPlugin:79 - create IPUIPlugin
2023-01-15 22:10:39,968 [INFO] PluginManager:219 - loadIPPluginJar : add pdm2pcm
2023-01-15 22:10:39,973 [INFO] IPUIPlugin:79 - create IPUIPlugin
2023-01-15 22:10:39,975 [INFO] PluginManager:219 - loadIPPluginJar : add plateformsettings
2023-01-15 22:10:39,976 [INFO] IPUIPlugin:79 - create IPUIPlugin
2023-01-15 22:10:39,976 [INFO] PluginManager:219 - loadIPPluginJar : add quadspi
2023-01-15 22:10:39,979 [INFO] IPUIPlugin:79 - create IPUIPlugin
2023-01-15 22:10:39,979 [INFO] PluginManager:219 - loadIPPluginJar : add resmgrutility
2023-01-15 22:10:39,981 [INFO] IPUIPlugin:79 - create IPUIPlugin
2023-01-15 22:10:39,981 [INFO] PluginManager:219 - loadIPPluginJar : add sai
2023-01-15 22:10:39,983 [INFO] IPUIPlugin:79 - create IPUIPlugin
2023-01-15 22:10:39,983 [INFO] PluginManager:219 - loadIPPluginJar : add spi
2023-01-15 22:10:39,988 [INFO] IPUIPlugin:79 - create IPUIPlugin
2023-01-15 22:10:39,988 [INFO] PluginManager:219 - loadIPPluginJar : add stm32_wpan
2023-01-15 22:10:39,989 [INFO] IPUIPlugin:79 - create IPUIPlugin
2023-01-15 22:10:39,989 [INFO] PluginManager:219 - loadIPPluginJar : add tim
2023-01-15 22:10:39,991 [INFO] IPUIPlugin:79 - create IPUIPlugin
2023-01-15 22:10:39,991 [INFO] PluginManager:219 - loadIPPluginJar : add touchsensing
2023-01-15 22:10:39,993 [INFO] IPUIPlugin:79 - create IPUIPlugin
2023-01-15 22:10:39,993 [INFO] PluginManager:219 - loadIPPluginJar : add tracer_emb
2023-01-15 22:10:39,994 [INFO] IPUIPlugin:79 - create IPUIPlugin
2023-01-15 22:10:39,994 [INFO] PluginManager:219 - loadIPPluginJar : add ts
2023-01-15 22:10:39,995 [INFO] IPUIPlugin:79 - create IPUIPlugin
2023-01-15 22:10:39,995 [INFO] PluginManager:219 - loadIPPluginJar : add tsc
2023-01-15 22:10:39,997 [INFO] IPUIPlugin:79 - create IPUIPlugin
2023-01-15 22:10:39,997 [INFO] PluginManager:219 - loadIPPluginJar : add ucpd
2023-01-15 22:10:39,998 [INFO] IPUIPlugin:79 - create IPUIPlugin
2023-01-15 22:10:39,999 [INFO] PluginManager:219 - loadIPPluginJar : add usart
2023-01-15 22:10:40,001 [INFO] IPUIPlugin:79 - create IPUIPlugin
2023-01-15 22:10:40,001 [INFO] PluginManager:219 - loadIPPluginJar : add usbx
2023-01-15 22:10:40,122 [INFO] CADModel:164 - CPN selected for project level
2023-01-15 22:10:40,122 [INFO] CADModel:113 - Register for checkConnection events
2023-01-15 22:10:40,122 [FATAL] Updater:308 - Updater called before beeing initialized
2023-01-15 22:10:40,122 [ERROR] CADModel:124 - Updater not yet initialized, retry later 
2023-01-15 22:10:40,242 [INFO] CADModel:164 - CPN selected for project level
2023-01-15 22:10:40,242 [INFO] CADModel:113 - Register for checkConnection events
2023-01-15 22:10:40,242 [FATAL] Updater:308 - Updater called before beeing initialized
2023-01-15 22:10:40,242 [ERROR] CADModel:124 - Updater not yet initialized, retry later 
2023-01-15 22:10:40,245 [FATAL] Updater:308 - Updater called before beeing initialized
2023-01-15 22:10:40,343 [FATAL] Updater:308 - Updater called before beeing initialized
2023-01-15 22:10:40,351 [INFO] DbMcusAds:52 - JSON generation date=Thu Sep 30 13:55:09 ICT 2021 (1632984909377)
2023-01-15 22:10:40,351 [FATAL] Updater:308 - Updater called before beeing initialized
2023-01-15 22:10:40,380 [WARN] DetailPanel:344 - Failed to get advertising image, set to default
2023-01-15 22:10:40,489 [FATAL] Updater:308 - Updater called before beeing initialized
2023-01-15 22:10:40,491 [FATAL] Updater:308 - Updater called before beeing initialized
2023-01-15 22:10:40,491 [FATAL] Updater:308 - Updater called before beeing initialized
2023-01-15 22:10:40,492 [WARN] DetailPanel:344 - Failed to get advertising image, set to default
2023-01-15 22:10:40,492 [FATAL] Updater:308 - Updater called before beeing initialized
2023-01-15 22:10:40,528 [ERROR] Updater:1120 - MainUpdater not yet initialized. External WinMGr cannot be set.
2023-01-15 22:10:40,529 [INFO] Updater:1056 - Updater Version found : 6.7.0
2023-01-15 22:10:40,544 [INFO] ApplicationProperties:181 - Using Application install path: C:\ST\STM32CubeIDE_1.11.0\STM32CubeIDE\plugins\com.st.stm32cube.common.mx_6.7.0.202211181646
2023-01-15 22:10:40,648 [INFO] MainUpdater:2800 - connection check result : 10
2023-01-15 22:10:40,649 [INFO] MainUpdater:282 - Updater Check For Update Now.
2023-01-15 22:10:40,650 [INFO] MicroXplorer:481 - Change Database Version : DB.6.0.70
2023-01-15 22:10:40,797 [INFO] CheckServerUpdateThread:119 - End of CheckServer Thread
2023-01-15 22:10:40,870 [INFO] MainUpdater:2800 - connection check result : 10
2023-01-15 22:10:41,141 [INFO] ApiDb:580 - Connected to CubeFinder SQLite database (C:\Users\pawee\.stmcufinder\plugins\mcufinder\mcu\cube-finder-db.db)
2023-01-15 22:10:41,202 [INFO] ApiDb:667 - CubeFinder database Data Model version=2.1
2023-01-15 22:10:41,202 [INFO] ApiDb:668 - CubeFinder database Configuration version=3.0.35
2023-01-15 22:10:41,202 [INFO] ApiDb:669 - CubeFinder database generation date=2022-12-20 (1671519758)
2023-01-15 22:10:41,203 [INFO] ApiDb:670 - CubeFinder database FW Pack versions=[FP-ATR-ASTRA1_V1.1.1, STM32Cube_FW_C0_V1.0.0, STM32Cube_FW_F4_V1.27.1, STM32Cube_FW_F7_V1.17.0, STM32Cube_FW_G0_V1.6.1, STM32Cube_FW_G4_V1.5.0, STM32Cube_FW_H5_V0.5.1, STM32Cube_FW_H7_V1.11.0, STM32Cube_FW_L5_V1.5.0, STM32Cube_FW_U5_V1.1.1, STM32Cube_FW_WBA_V0.2.0, STM32Cube_FW_WB_V1.15.0, STM32Cube_FW_WB_V1.15.0RC1, STM32Cube_FW_WL_V1.3.0, X-CUBE-ALGOBUILD_V1.3.0, X-CUBE-ALS_V1.0.1, X-CUBE-AZRTOS-F4_V1.1.0, X-CUBE-AZRTOS-F7_V1.1.0, X-CUBE-AZRTOS-G0_V1.1.0, X-CUBE-AZRTOS-G4_V1.0.0, X-CUBE-AZRTOS-H7_V2.1.0, X-CUBE-AZRTOS-L4_V1.0.0, X-CUBE-AZRTOS-L5_V1.0.0, X-CUBE-AZRTOS-WL_V1.0.0, X-CUBE-BLE1_V6.2.4, X-CUBE-BLE2_V3.3.0, X-CUBE-BLEMGR_V1.3.0, X-CUBE-EEPRMA1_V4.1.0, X-CUBE-GNSS1_V6.0.0, X-CUBE-MEMS1_V9.1.0, X-CUBE-MEMS1_V9.3.0, X-CUBE-MEMS1_V9.4.0, X-CUBE-NFC4_V2.0.5, X-CUBE-NFC7_V1.0.0, X-CUBE-SFXS2LP1_V4.0.0, X-CUBE-SUBG2_V5.0.0]
2023-01-15 22:10:42,491 [INFO] ApiDb:239 - Found 143 in-development CPN: [B-WB1M-WPAN1, B-WL5M-SUBG1, NUCLEO-C031C6, STEVAL-PROTEUS1, STEVAL-STWINBX1, STM320518-EVAL, STM32C0116-DK, STM32C011D6Y3TR, STM32C011D6Y6TR, STM32C011F4P3, STM32C011F4P6, STM32C011F4U3, STM32C011F4U6TR, STM32C011F6P3, STM32C011F6P6, STM32C011F6U3, STM32C011F6U6TR, STM32C011J4M3, STM32C011J4M6, STM32C011J6M3, STM32C011J6M6, STM32C0316-DK, STM32C031C4T3, STM32C031C4T6, STM32C031C4U3, STM32C031C4U6, STM32C031C6T3, STM32C031C6T6, STM32C031C6U3, STM32C031C6U6, STM32C031F4P3, STM32C031F4P6, STM32C031F6P3, STM32C031F6P6, STM32C031G4U3, STM32C031G4U6, STM32C031G6U3, STM32C031G6U6, STM32C031K4T3, STM32C031K4T6, STM32C031K4U3, STM32C031K4U6, STM32C031K6T3, STM32C031K6T6, STM32C031K6U3, STM32C031K6U6, STM32G071K8TXN, STM32G071K8UXN, STM32G081GBU6N, STM32G081KBT6N, STM32G081KBUXN, STM32G0B1CCT6N, STM32G0B1KCT6, STM32G0B1NEY6TR, STM32G0B1RCT6N, STM32G0C1CCT6, STM32G0C1CCT6N, STM32G0C1CCU6N, STM32G0C1CET6N, STM32G0C1CEU6N, STM32G0C1KCT6, STM32G0C1NEY6TR, STM32G0C1RCI6N, STM32G0C1RCT6N, STM32G0C1REI6N, STM32G0C1RET6N, STM32G0C1VCI6, STM32G0C1VEI6, STM32G471CCT6, STM32G471CCU6, STM32G471CET3, STM32G471CET6, STM32G471CEU3, STM32G471CEU6, STM32G471MCT6, STM32G471MET3, STM32G471MET6, STM32G471MEY6TR, STM32G471QCT6, STM32G471QET3, STM32G471RCT6, STM32G471RET3, STM32G471RET6, STM32G471VCH6, STM32G471VCI6, STM32G471VCT6, STM32G471VEH3, STM32G471VEH6, STM32G471VEI3, STM32G471VEI6, STM32G471VET3, STM32G471VET6, STM32G474CCT6, STM32L476VGY6PTR, STM32L4R5QGI6STR, STM32MP131AAE3, STM32MP131AAF3, STM32MP131AAG3, STM32MP131CAE3, STM32MP131CAF3, STM32MP131CAG3, STM32MP131DAE7, STM32MP131DAF7, STM32MP131DAG7, STM32MP131FAE7, STM32MP131FAF7, STM32MP131FAG7, STM32MP133AAE3, STM32MP133AAF3, STM32MP133AAG3, STM32MP133CAE3, STM32MP133CAF3, STM32MP133CAG3, STM32MP133DAE7, STM32MP133DAF7, STM32MP133DAG7, STM32MP133FAE7, STM32MP133FAF7, STM32MP133FAG7, STM32MP135AAE3, STM32MP135AAF3, STM32MP135AAG3, STM32MP135CAE3, STM32MP135CAF3, STM32MP135CAG3, STM32MP135DAE7, STM32MP135DAF7, STM32MP135DAG7, STM32MP135F-DK, STM32MP135FAE7, STM32MP135FAF7, STM32MP135FAF7T, STM32MP135FAF7U, STM32MP135FAG7, STM32U595ZJT6Q, STM32U599BJY6QTR, STM32U599NIH6Q, STM32U599NJH6Q, STM32U5A5ZJT6Q, STM32U5A9BJY6QTR, STM32U5A9NJH6Q, STM32WB1MMCH6, STM32WL5MOCH6TR]
2023-01-15 22:10:42,495 [INFO] DbMcus:215 - Found 3582 MCUs, 3582 are supported
2023-01-15 22:10:42,497 [INFO] ApiDb:422 - Load user favorites file C:\Users\pawee/.stm32cubeide/favorites.mcus.txt: 0 item(s)
2023-01-15 22:10:42,497 [INFO] ApiDb:426 - User favorites MCUs=[]
2023-01-15 22:10:42,497 [INFO] DbMcus:221 - Set 0 / 0 favorites MCUs
2023-01-15 22:10:42,596 [WARN] PackLoader:242 - Cannot read IP mode file for STMicroelectronics.X-CUBE-AZRTOS-F4.1.1.0
2023-01-15 22:10:42,624 [WARN] PackLoader:242 - Cannot read IP mode file for STMicroelectronics.X-CUBE-AZRTOS-F7.1.1.0
2023-01-15 22:10:42,655 [WARN] PackLoader:242 - Cannot read IP mode file for STMicroelectronics.X-CUBE-BLE1.6.2.3
2023-01-15 22:10:42,660 [WARN] PackLoader:242 - Cannot read IP mode file for STMicroelectronics.X-CUBE-BLE1.6.2.4
2023-01-15 22:10:42,669 [INFO] McuFinderGlobals:65 - Set McuFinderConnectedMode to true
2023-01-15 22:10:42,672 [WARN] PackLoader:242 - Cannot read IP mode file for emotas.I-CUBE-CANOPEN.1.1.3
2023-01-15 22:10:42,676 [INFO] MultiScanPanel:196 - Auto-refresh data requested => check proxy status ongoing
2023-01-15 22:10:42,678 [WARN] PackLoader:242 - Cannot read IP mode file for STMicroelectronics.X-CUBE-NFC4.2.0.5
2023-01-15 22:10:42,680 [INFO] FinderPluginLoader:92 - Searching for filters in installed packs
2023-01-15 22:10:42,684 [WARN] PackLoader:242 - Cannot read IP mode file for STMicroelectronics.X-CUBE-NFC4.2.0.4
2023-01-15 22:10:42,691 [WARN] PackLoader:242 - Cannot read IP mode file for wolfSSL.I-CUBE-wolfSSL.5.5.4
2023-01-15 22:10:42,735 [WARN] PackLoader:242 - Cannot read IP mode file for STMicroelectronics.X-CUBE-MEMS1.9.3.0
2023-01-15 22:10:42,855 [WARN] PackLoader:242 - Cannot read IP mode file for STMicroelectronics.X-CUBE-EEPRMA1.4.1.0
2023-01-15 22:10:42,863 [WARN] PackLoader:242 - Cannot read IP mode file for STMicroelectronics.X-CUBE-AI.7.2.0
2023-01-15 22:10:42,873 [WARN] PackLoader:242 - Cannot read IP mode file for STMicroelectronics.X-CUBE-TOF1.3.2.0
2023-01-15 22:10:42,898 [WARN] PackLoader:242 - Cannot read IP mode file for STMicroelectronics.X-CUBE-AZRTOS-H7.3.0.0
2023-01-15 22:10:42,907 [WARN] PackLoader:242 - Cannot read IP mode file for STMicroelectronics.X-CUBE-ISPU.1.0.0
2023-01-15 22:10:42,913 [WARN] PackLoader:242 - Cannot read IP mode file for STMicroelectronics.X-CUBE-ISPU.1.1.0
2023-01-15 22:10:42,925 [WARN] PackLoader:242 - Cannot read IP mode file for RoweBots.I-CUBE-UNISONRTOS.5.5.0-4
2023-01-15 22:10:42,933 [WARN] PackLoader:242 - Cannot read IP mode file for STMicroelectronics.X-CUBE-TOUCHGFX.4.21.0
2023-01-15 22:10:42,940 [WARN] PackLoader:242 - Cannot read IP mode file for STMicroelectronics.X-CUBE-BLEMGR.1.0.0
2023-01-15 22:10:42,982 [WARN] PackLoader:242 - Cannot read IP mode file for STMicroelectronics.X-CUBE-MEMS1.9.4.0
2023-01-15 22:10:43,110 [WARN] PackLoader:242 - Cannot read IP mode file for STMicroelectronics.X-CUBE-AI.7.3.0
2023-01-15 22:10:43,117 [WARN] PackLoader:242 - Cannot read IP mode file for STMicroelectronics.X-CUBE-ALGOBUILD.1.3.0
2023-01-15 22:10:43,136 [WARN] PackLoader:242 - Cannot read IP mode file for STMicroelectronics.X-CUBE-AZRTOS-L5.1.1.0
2023-01-15 22:10:43,156 [WARN] PackLoader:242 - Cannot read IP mode file for STMicroelectronics.X-CUBE-AZRTOS-G0.1.1.0
2023-01-15 22:10:43,170 [WARN] PackLoader:242 - Cannot read IP mode file for STMicroelectronics.X-CUBE-SUBG2.5.0.0
2023-01-15 22:10:43,184 [WARN] PackLoader:242 - Cannot read IP mode file for STMicroelectronics.X-CUBE-BLEMGR.1.3.0
2023-01-15 22:10:43,199 [WARN] PackLoader:242 - Cannot read IP mode file for STMicroelectronics.X-CUBE-AZRTOS-G4.1.0.0
2023-01-15 22:10:43,206 [WARN] PackLoader:242 - Cannot read IP mode file for STMicroelectronics.FP-ATR-SIGFOX1.3.2.0
2023-01-15 22:10:43,228 [WARN] PackLoader:242 - Cannot read IP mode file for STMicroelectronics.X-CUBE-AZRTOS-L4.1.0.0
2023-01-15 22:10:43,243 [WARN] PackLoader:242 - Cannot read IP mode file for STMicroelectronics.X-CUBE-AZRTOS-WL.1.0.0
2023-01-15 22:10:43,255 [WARN] PackLoader:242 - Cannot read IP mode file for portGmbH.I-Cube-SoM-uGOAL.1.1.0
2023-01-15 22:10:43,271 [WARN] PackLoader:242 - Cannot read IP mode file for STMicroelectronics.X-CUBE-AZRTOS-WB.1.1.0
2023-01-15 22:10:43,277 [WARN] PackLoader:242 - Cannot read IP mode file for STMicroelectronics.X-CUBE-EEPRMA1.3.1.1
2023-01-15 22:10:43,328 [WARN] PackLoader:242 - Cannot read IP mode file for SEGGER.I-CUBE-embOS.1.3.0
2023-01-15 22:10:43,375 [INFO] ThirdParty:947 - Integrity check success = true
2023-01-15 22:10:43,376 [INFO] IntegrityCheckThread:98 - exiting critical section [integrity check]
2023-01-15 22:10:43,376 [INFO] IntegrityCheckThread:101 - End integrity checks thread
2023-01-15 22:10:44,178 [INFO] LoadUrlFilesThread:179 - End of LoadServerUrlFiles without Thread
2023-01-15 22:10:44,190 [INFO] DetailPanel:339 - Set advertising image to C:/Users/pawee/STM32Cube/Repository/\en.Prom_NBSTM32U50921.jpg
2023-01-15 22:10:44,745 [INFO] ApiDb:667 - CubeFinder database Data Model version=2.1
2023-01-15 22:10:44,746 [INFO] ApiDb:668 - CubeFinder database Configuration version=3.0.35
2023-01-15 22:10:44,746 [INFO] ApiDb:669 - CubeFinder database generation date=2022-12-20 (1671519758)
2023-01-15 22:10:44,746 [INFO] ApiDb:670 - CubeFinder database FW Pack versions=[FP-ATR-ASTRA1_V1.1.1, STM32Cube_FW_C0_V1.0.0, STM32Cube_FW_F4_V1.27.1, STM32Cube_FW_F7_V1.17.0, STM32Cube_FW_G0_V1.6.1, STM32Cube_FW_G4_V1.5.0, STM32Cube_FW_H5_V0.5.1, STM32Cube_FW_H7_V1.11.0, STM32Cube_FW_L5_V1.5.0, STM32Cube_FW_U5_V1.1.1, STM32Cube_FW_WBA_V0.2.0, STM32Cube_FW_WB_V1.15.0, STM32Cube_FW_WB_V1.15.0RC1, STM32Cube_FW_WL_V1.3.0, X-CUBE-ALGOBUILD_V1.3.0, X-CUBE-ALS_V1.0.1, X-CUBE-AZRTOS-F4_V1.1.0, X-CUBE-AZRTOS-F7_V1.1.0, X-CUBE-AZRTOS-G0_V1.1.0, X-CUBE-AZRTOS-G4_V1.0.0, X-CUBE-AZRTOS-H7_V2.1.0, X-CUBE-AZRTOS-L4_V1.0.0, X-CUBE-AZRTOS-L5_V1.0.0, X-CUBE-AZRTOS-WL_V1.0.0, X-CUBE-BLE1_V6.2.4, X-CUBE-BLE2_V3.3.0, X-CUBE-BLEMGR_V1.3.0, X-CUBE-EEPRMA1_V4.1.0, X-CUBE-GNSS1_V6.0.0, X-CUBE-MEMS1_V9.1.0, X-CUBE-MEMS1_V9.3.0, X-CUBE-MEMS1_V9.4.0, X-CUBE-NFC4_V2.0.5, X-CUBE-NFC7_V1.0.0, X-CUBE-SFXS2LP1_V4.0.0, X-CUBE-SUBG2_V5.0.0]
2023-01-15 22:10:44,806 [INFO] DbBoardsSqlite:225 - include board P-NUCLEO-WB55-NUCLEO as a kit item of type 'Nucleo-64'
2023-01-15 22:10:44,807 [INFO] DbBoardsSqlite:225 - include board P-NUCLEO-WB55-USBDONGLE as a kit item of type 'Nucleo USB Dongle'
2023-01-15 22:10:44,807 [INFO] DbBoardsSqlite:225 - include board STEVAL-IDP005V1 as a kit item of type 'Evaluation Board'
2023-01-15 22:10:44,807 [INFO] DbBoardsSqlite:225 - include board STEVAL-IDP005V2 as a kit item of type 'Evaluation Board'
2023-01-15 22:10:44,843 [INFO] ApiDb:239 - Found 143 in-development CPN: [B-WB1M-WPAN1, B-WL5M-SUBG1, NUCLEO-C031C6, STEVAL-PROTEUS1, STEVAL-STWINBX1, STM320518-EVAL, STM32C0116-DK, STM32C011D6Y3TR, STM32C011D6Y6TR, STM32C011F4P3, STM32C011F4P6, STM32C011F4U3, STM32C011F4U6TR, STM32C011F6P3, STM32C011F6P6, STM32C011F6U3, STM32C011F6U6TR, STM32C011J4M3, STM32C011J4M6, STM32C011J6M3, STM32C011J6M6, STM32C0316-DK, STM32C031C4T3, STM32C031C4T6, STM32C031C4U3, STM32C031C4U6, STM32C031C6T3, STM32C031C6T6, STM32C031C6U3, STM32C031C6U6, STM32C031F4P3, STM32C031F4P6, STM32C031F6P3, STM32C031F6P6, STM32C031G4U3, STM32C031G4U6, STM32C031G6U3, STM32C031G6U6, STM32C031K4T3, STM32C031K4T6, STM32C031K4U3, STM32C031K4U6, STM32C031K6T3, STM32C031K6T6, STM32C031K6U3, STM32C031K6U6, STM32G071K8TXN, STM32G071K8UXN, STM32G081GBU6N, STM32G081KBT6N, STM32G081KBUXN, STM32G0B1CCT6N, STM32G0B1KCT6, STM32G0B1NEY6TR, STM32G0B1RCT6N, STM32G0C1CCT6, STM32G0C1CCT6N, STM32G0C1CCU6N, STM32G0C1CET6N, STM32G0C1CEU6N, STM32G0C1KCT6, STM32G0C1NEY6TR, STM32G0C1RCI6N, STM32G0C1RCT6N, STM32G0C1REI6N, STM32G0C1RET6N, STM32G0C1VCI6, STM32G0C1VEI6, STM32G471CCT6, STM32G471CCU6, STM32G471CET3, STM32G471CET6, STM32G471CEU3, STM32G471CEU6, STM32G471MCT6, STM32G471MET3, STM32G471MET6, STM32G471MEY6TR, STM32G471QCT6, STM32G471QET3, STM32G471RCT6, STM32G471RET3, STM32G471RET6, STM32G471VCH6, STM32G471VCI6, STM32G471VCT6, STM32G471VEH3, STM32G471VEH6, STM32G471VEI3, STM32G471VEI6, STM32G471VET3, STM32G471VET6, STM32G474CCT6, STM32L476VGY6PTR, STM32L4R5QGI6STR, STM32MP131AAE3, STM32MP131AAF3, STM32MP131AAG3, STM32MP131CAE3, STM32MP131CAF3, STM32MP131CAG3, STM32MP131DAE7, STM32MP131DAF7, STM32MP131DAG7, STM32MP131FAE7, STM32MP131FAF7, STM32MP131FAG7, STM32MP133AAE3, STM32MP133AAF3, STM32MP133AAG3, STM32MP133CAE3, STM32MP133CAF3, STM32MP133CAG3, STM32MP133DAE7, STM32MP133DAF7, STM32MP133DAG7, STM32MP133FAE7, STM32MP133FAF7, STM32MP133FAG7, STM32MP135AAE3, STM32MP135AAF3, STM32MP135AAG3, STM32MP135CAE3, STM32MP135CAF3, STM32MP135CAG3, STM32MP135DAE7, STM32MP135DAF7, STM32MP135DAG7, STM32MP135F-DK, STM32MP135FAE7, STM32MP135FAF7, STM32MP135FAF7T, STM32MP135FAF7U, STM32MP135FAG7, STM32U595ZJT6Q, STM32U599BJY6QTR, STM32U599NIH6Q, STM32U599NJH6Q, STM32U5A5ZJT6Q, STM32U5A9BJY6QTR, STM32U5A9NJH6Q, STM32WB1MMCH6, STM32WL5MOCH6TR]
2023-01-15 22:10:44,939 [INFO] BoardInfo:879 - No configuration file found for board P-NUCLEO-WB55
2023-01-15 22:10:44,940 [INFO] DbBoards:156 - Kit is not supported: P-NUCLEO-WB55
2023-01-15 22:10:44,944 [INFO] BoardInfo:879 - No configuration file found for board STEVAL-BFA001V1B
2023-01-15 22:10:44,945 [INFO] DbBoards:156 - Kit is not supported: STEVAL-BFA001V1B
2023-01-15 22:10:44,946 [INFO] BoardInfo:879 - No configuration file found for board STEVAL-BFA001V2B
2023-01-15 22:10:44,946 [INFO] DbBoards:156 - Kit is not supported: STEVAL-BFA001V2B
2023-01-15 22:10:45,037 [INFO] DbBoards:160 - Found 179 boards, 176 are supported
2023-01-15 22:10:45,042 [INFO] ApiDb:422 - Load user favorites file C:\Users\pawee/.stm32cubeide/favorites.boards.txt: 0 item(s)
2023-01-15 22:10:45,042 [INFO] ApiDb:426 - User favorites Boards=[]
2023-01-15 22:10:45,042 [INFO] DbBoards:189 - Set 0 / 0 favorites Boards
2023-01-15 22:10:50,597 [INFO] MultiScanPanel:196 - Auto-refresh data requested => check proxy status ongoing
2023-01-15 22:10:50,698 [INFO] LoadUrlFilesThread:179 - End of LoadServerUrlFiles without Thread
2023-01-15 22:10:50,699 [INFO] DetailPanel:339 - Set advertising image to C:/Users/pawee/STM32Cube/Repository/\en.Prom_NBSTM32U50921.jpg
2023-01-15 22:10:50,713 [INFO] DbBoards:633 - Loading board mini-images...
2023-01-15 22:10:50,828 [ERROR] DbBoards:650 - Image file not found for board B-WL5M-SUBG1: C:\Users\pawee\.stmcufinder\plugins\mcufinder//mcu//boards_images/B-WL5M-SUBG1.jpg
2023-01-15 22:10:51,539 [ERROR] DbBoards:650 - Image file not found for board STEVAL-STWINBX1: C:\Users\pawee\.stmcufinder\plugins\mcufinder//mcu//boards_images/STEVAL-STWINBX1.jpg
2023-01-15 22:10:52,305 [INFO] DbBoards:656 - Loaded 177 board mini-images
2023-01-15 22:10:55,315 [ERROR] LogOutputStream:74 - [STDERR_REDIRECT] SLF4J: Failed to load class "org.slf4j.impl.StaticLoggerBinder".
2023-01-15 22:10:55,321 [ERROR] LogOutputStream:74 - [STDERR_REDIRECT] SLF4J: Defaulting to no-operation (NOP) logger implementation
2023-01-15 22:10:55,322 [ERROR] LogOutputStream:74 - [STDERR_REDIRECT] SLF4J: See http://www.slf4j.org/codes.html#StaticLoggerBinder for further details.
2023-01-15 22:11:11,970 [INFO] MainUpdater:2800 - connection check result : 10
2023-01-15 22:11:11,971 [INFO] MainUpdater:2800 - connection check result : 10
2023-01-15 22:11:11,989 [INFO] MicroXplorer:451 - Change Database Path : 
2023-01-15 22:11:11,989 [INFO] MicroXplorer:481 - Change Database Version : DB.6.0.70
2023-01-15 22:11:11,990 [WARN] ThirdParty:845 - waiting for thirdparty lock release [close project]
2023-01-15 22:11:11,990 [INFO] ThirdParty:847 - entering critical section [close project]
2023-01-15 22:11:11,991 [INFO] ThirdParty:857 - exiting critical section [close project]
2023-01-15 22:11:11,994 [INFO] PinOutPanel:1477 - setPackage(No Configuration,No Configuration)
2023-01-15 22:11:12,000 [INFO] UtilMem:74 - Begin LoadConfig() Used Memory: 390209912 Bytes (451936256)
2023-01-15 22:11:12,006 [INFO] OpenFileManager:307 - Change cursor
2023-01-15 22:11:12,032 [INFO] ProjectFactory:399 - No CPN specified for board NUCLEO-F411RE => set CPN to STM32F411RET6
2023-01-15 22:11:12,032 [INFO] Mcu:1925 - Initializing MCU STM32F411R(C-E)Tx STM32F411RETx STM32F411RET6
2023-01-15 22:11:13,114 [INFO] Context:654 - Trying to add GPIOservice into a context  which must be forbidden
2023-01-15 22:11:13,516 [INFO] Rule:225 - rule 117617 - U5Cobra4M][GTZC] default value MPCBB3 and MPCBB5 - Not Secured memory - MPCBB1 is applicable
2023-01-15 22:11:13,517 [INFO] Rule:225 - rule 117617 - U5Cobra4M][GTZC] default value MPCBB3 and MPCBB5 - Not Secured memory - MPCBB1 is applicable
2023-01-15 22:11:13,517 [INFO] Rule:225 - rule 117617 - U5Cobra4M][GTZC] default value MPCBB3 and MPCBB5 - Not Secured memory - MPCBB2 is applicable
2023-01-15 22:11:13,517 [INFO] Rule:225 - rule 117617 - U5Cobra4M][GTZC] default value MPCBB3 and MPCBB5 - Not Secured memory - MPCBB2 is applicable
2023-01-15 22:11:13,517 [INFO] Rule:225 - rule 117617 - U5Cobra4M][GTZC] default value MPCBB3 and MPCBB5 - Not Secured memory - MPCBB3 is applicable
2023-01-15 22:11:13,517 [INFO] Rule:225 - rule 117617 - U5Cobra4M][GTZC] default value MPCBB3 and MPCBB5 - Not Secured memory - MPCBB3 is applicable
2023-01-15 22:11:13,517 [INFO] Rule:225 - rule 117617 - U5Cobra4M][GTZC] default value MPCBB3 and MPCBB5 - Not Secured memory - MPCBB4 is applicable
2023-01-15 22:11:13,517 [INFO] Rule:225 - rule 117617 - U5Cobra4M][GTZC] default value MPCBB3 and MPCBB5 - Not Secured memory - MPCBB4 is applicable
2023-01-15 22:11:13,517 [INFO] Rule:225 - rule 117617 - U5Cobra4M][GTZC] default value MPCBB3 and MPCBB5 - Secured memory - MPCBB1 is applicable
2023-01-15 22:11:13,517 [INFO] Rule:225 - rule 117617 - U5Cobra4M][GTZC] default value MPCBB3 and MPCBB5 - Secured memory - MPCBB2 is applicable
2023-01-15 22:11:13,518 [INFO] Rule:225 - rule 117617 - U5Cobra4M][GTZC] default value MPCBB3 and MPCBB5 - Secured memory - MPCBB3 is applicable
2023-01-15 22:11:13,518 [INFO] Rule:225 - rule 117617 - U5Cobra4M][GTZC] default value MPCBB3 and MPCBB5 - Secured memory - MPCBB4 is applicable
2023-01-15 22:11:13,518 [INFO] Rule:225 - rule 117617 - U5Cobra4M][GTZC] default value MPCBB3 and MPCBB5 - Privileged memory - MPCBB1 is applicable
2023-01-15 22:11:13,518 [INFO] Rule:225 - rule 117617 - U5Cobra4M][GTZC] default value MPCBB3 and MPCBB5 - Privileged memory - MPCBB2 is applicable
2023-01-15 22:11:13,518 [INFO] Rule:225 - rule 117617 - U5Cobra4M][GTZC] default value MPCBB3 and MPCBB5 - Privileged memory - MPCBB3 is applicable
2023-01-15 22:11:13,518 [INFO] Rule:225 - rule 117617 - U5Cobra4M][GTZC] default value MPCBB3 and MPCBB5 - Privileged memory - MPCBB4 is applicable
2023-01-15 22:11:13,518 [INFO] Rule:225 - rule 117617 - U5Cobra4M][GTZC] default value MPCBB3 and MPCBB5 - Not Privileged memory - MPCBB1 is applicable
2023-01-15 22:11:13,518 [INFO] Rule:225 - rule 117617 - U5Cobra4M][GTZC] default value MPCBB3 and MPCBB5 - Not Privileged memory - MPCBB2 is applicable
2023-01-15 22:11:13,518 [INFO] Rule:225 - rule 117617 - U5Cobra4M][GTZC] default value MPCBB3 and MPCBB5 - Not Privileged memory - MPCBB3 is applicable
2023-01-15 22:11:13,518 [INFO] Rule:225 - rule 117617 - U5Cobra4M][GTZC] default value MPCBB3 and MPCBB5 - Not Privileged memory - MPCBB4 is applicable
2023-01-15 22:11:13,518 [INFO] Rule:225 - rule 117617 - U5Cobra4M][GTZC] default value MPCBB3 and MPCBB5 - Privileged memory - MPCBB1 is applicable
2023-01-15 22:11:13,518 [INFO] Rule:225 - rule 117617 - U5Cobra4M][GTZC] default value MPCBB3 and MPCBB5 - Privileged memory - MPCBB2 is applicable
2023-01-15 22:11:13,518 [INFO] Rule:225 - rule 117617 - U5Cobra4M][GTZC] default value MPCBB3 and MPCBB5 - Privileged memory - MPCBB3 is applicable
2023-01-15 22:11:13,518 [INFO] Rule:225 - rule 117617 - U5Cobra4M][GTZC] default value MPCBB3 and MPCBB5 - Privileged memory - MPCBB4 is applicable
2023-01-15 22:11:13,518 [INFO] Rule:225 - rule 117617 - U5Cobra4M][GTZC] default value MPCBB3 and MPCBB5 - Privileged memory - MPCBB1 is applicable
2023-01-15 22:11:13,518 [INFO] Rule:225 - rule 117617 - U5Cobra4M][GTZC] default value MPCBB3 and MPCBB5 - Privileged memory - MPCBB2 is applicable
2023-01-15 22:11:13,518 [INFO] Rule:225 - rule 117617 - U5Cobra4M][GTZC] default value MPCBB3 and MPCBB5 - Privileged memory - MPCBB3 is applicable
2023-01-15 22:11:13,518 [INFO] Rule:225 - rule 117617 - U5Cobra4M][GTZC] default value MPCBB3 and MPCBB5 - Privileged memory - MPCBB4 is applicable
2023-01-15 22:11:13,518 [INFO] Rule:225 - rule 117617 - U5Cobra4M][GTZC] default value MPCBB3 and MPCBB5 - Not Privileged memory - MPCBB1 is applicable
2023-01-15 22:11:13,519 [INFO] Rule:225 - rule 117617 - U5Cobra4M][GTZC] default value MPCBB3 and MPCBB5 - Not Privileged memory - MPCBB2 is applicable
2023-01-15 22:11:13,519 [INFO] Rule:225 - rule 117617 - U5Cobra4M][GTZC] default value MPCBB3 and MPCBB5 - Not Privileged memory - MPCBB3 is applicable
2023-01-15 22:11:13,519 [INFO] Rule:225 - rule 117617 - U5Cobra4M][GTZC] default value MPCBB3 and MPCBB5 - Not Privileged memory - MPCBB4 is applicable
2023-01-15 22:11:13,519 [INFO] Rule:225 - rule 117617 - U5Cobra4M][GTZC] default value MPCBB3 and MPCBB5 - Privileged memory - MPCBB1 is applicable
2023-01-15 22:11:13,519 [INFO] Rule:225 - rule 117617 - U5Cobra4M][GTZC] default value MPCBB3 and MPCBB5 - Privileged memory - MPCBB2 is applicable
2023-01-15 22:11:13,519 [INFO] Rule:225 - rule 117617 - U5Cobra4M][GTZC] default value MPCBB3 and MPCBB5 - Privileged memory - MPCBB3 is applicable
2023-01-15 22:11:13,519 [INFO] Rule:225 - rule 117617 - U5Cobra4M][GTZC] default value MPCBB3 and MPCBB5 - Privileged memory - MPCBB4 is applicable
2023-01-15 22:11:13,519 [INFO] Rule:225 - rule Rename SubGHz_Phy SUBGHZ_APPLICATION SUBGHZ_PINGPONG to SUBGHZ_ADV_APPLICATION is applicable
2023-01-15 22:11:13,519 [INFO] Rule:225 - rule Rename Enabled to IBEACON is applicable
2023-01-15 22:11:13,519 [INFO] Rule:225 - rule GTZC_S instance for project manager is applicable
2023-01-15 22:11:13,519 [INFO] Rule:225 - rule GTZC_S instance for context M33S is applicable
2023-01-15 22:11:13,519 [INFO] Rule:225 - rule GTZC_S instance value for IP GTZC is applicable
2023-01-15 22:11:13,519 [INFO] Rule:225 - rule GTZC_S instance for mcu.IP is applicable
2023-01-15 22:11:13,519 [INFO] Rule:225 - rule GTZC_S instance for VP is applicable
2023-01-15 22:11:13,519 [INFO] Rule:225 - rule GTZC_S instance for signal is applicable
2023-01-15 22:11:13,519 [INFO] Rule:225 - rule GTZC_S instance for mcu.Pin is applicable
2023-01-15 22:11:13,519 [INFO] Rule:225 - rule GTZC_S instance for VP is applicable
2023-01-15 22:11:13,519 [INFO] Rule:225 - rule GTZC_S instance for signal is applicable
2023-01-15 22:11:13,519 [INFO] Rule:225 - rule GTZC_S instance for mcu is applicable
2023-01-15 22:11:13,520 [INFO] Rule:225 - rule GTZC_S instance for mcu.Pin is applicable
2023-01-15 22:11:13,520 [INFO] Rule:225 - rule GTZC_S instance value for IP GTZC is applicable
2023-01-15 22:11:13,520 [INFO] Rule:225 - rule GTZC_S instance for project manager is applicable
2023-01-15 22:11:13,520 [INFO] Rule:225 - rule GTZC_S instance for context M33S is applicable
2023-01-15 22:11:13,520 [INFO] Rule:225 - rule GTZC_S instance for VP is applicable
2023-01-15 22:11:13,520 [INFO] Rule:225 - rule GTZC_S instance for signal is applicable
2023-01-15 22:11:13,520 [INFO] Rule:225 - rule SPDIFRX instance for mcu is applicable
2023-01-15 22:11:13,520 [INFO] Rule:225 - rule Rename Tracer Mode is applicable
2023-01-15 22:11:13,520 [INFO] Rule:225 - rule SPDIFRX instance value for IP SPDIFRX is applicable
2023-01-15 22:11:13,520 [INFO] Rule:225 - rule SPDIFRX instance for signal is applicable
2023-01-15 22:11:13,521 [INFO] Rule:225 - rule SPDIFRX instance for project manager is applicable
2023-01-15 22:11:13,521 [INFO] Rule:225 - rule SPDIFRX instance for project manager is applicable
2023-01-15 22:11:13,521 [INFO] Rule:225 - rule ADC Scan  fix with FW F7 is applicable
2023-01-15 22:11:13,521 [INFO] Rule:225 - rule ADC Scan  fix with FW F7 is applicable
2023-01-15 22:11:13,521 [INFO] Rule:225 - rule Add RTC Activate Clock Source is applicable
2023-01-15 22:11:13,521 [INFO] Rule:225 - rule Add RTC Activate Calendar 1 is applicable
2023-01-15 22:11:13,521 [INFO] Rule:225 - rule Add RTC Activate Calendar 2 is applicable
2023-01-15 22:11:13,521 [INFO] Rule:225 - rule Add RTC Activate Calendar 3 is applicable
2023-01-15 22:11:13,521 [INFO] Rule:225 - rule UART/USART TX Mode is applicable
2023-01-15 22:11:13,521 [INFO] Rule:225 - rule UART/USART RX Mode is applicable
2023-01-15 22:11:13,521 [INFO] Rule:225 - rule UART/USART RX TX Mode is applicable
2023-01-15 22:11:13,522 [INFO] Rule:225 - rule UART/USART PARITY NONE is applicable
2023-01-15 22:11:13,522 [INFO] Rule:225 - rule UART/USART PARITY EVEN is applicable
2023-01-15 22:11:13,522 [INFO] Rule:225 - rule UART/USART PARITY ODD is applicable
2023-01-15 22:11:13,522 [INFO] Rule:225 - rule USART StopBits 1 is applicable
2023-01-15 22:11:13,523 [INFO] Rule:225 - rule USART StopBits 2 is applicable
2023-01-15 22:11:13,523 [INFO] Rule:225 - rule USART StopBits 1.5 is applicable
2023-01-15 22:11:13,523 [INFO] Rule:225 - rule USART StopBits 0.5 is applicable
2023-01-15 22:11:13,523 [INFO] Rule:225 - rule UART/USART WORD LENGTH 7 is applicable
2023-01-15 22:11:13,523 [INFO] Rule:225 - rule UART/USART WORD LENGTH 8 is applicable
2023-01-15 22:11:13,523 [INFO] Rule:225 - rule UART/USART WORD LENGTH 9 is applicable
2023-01-15 22:11:13,524 [INFO] Rule:225 - rule Rename FMC NAND NCE signal is applicable
2023-01-15 22:11:13,524 [INFO] Rule:225 - rule Rename FMC NAND INT signal is applicable
2023-01-15 22:11:13,524 [INFO] Rule:225 - rule Change Default Value for LSE Drive Capability for WB family is applicable
2023-01-15 22:11:13,524 [INFO] Rule:225 - rule Change Default Value for ADC Clock Prescaler G0 family is applicable
2023-01-15 22:11:13,524 [INFO] Rule:225 - rule Change Default Value for ADC ExternalTrigConv L4 family is applicable
2023-01-15 22:11:13,524 [INFO] Rule:225 - rule Change Default Value for ADC ExternalTrigInjecConv L4 family is applicable
2023-01-15 22:11:13,524 [INFO] Rule:225 - rule Change Default Value for ADC ExternalTrigConv F3 family is applicable
2023-01-15 22:11:13,524 [INFO] Rule:225 - rule Change Default Value for ADC ExternalTrigInjecConv F3 family is applicable
2023-01-15 22:11:13,524 [INFO] Rule:225 - rule Change Default Value for ADC ExternalTrigConv Goldfish serie is applicable
2023-01-15 22:11:13,524 [INFO] Rule:225 - rule Change Default Value for ADC ExternalTrigInjecConv Goldfish serie is applicable
2023-01-15 22:11:13,524 [INFO] Rule:225 - rule Change Default Value for ADC ExternalTrigConv L0 family is applicable
2023-01-15 22:11:13,524 [INFO] Rule:225 - rule Change Default Value for ADC ExternalTrigConv F0 family is applicable
2023-01-15 22:11:13,524 [INFO] Rule:225 - rule Change Default Value for ADC ExternalTrigConvn L1 family is applicable
2023-01-15 22:11:13,524 [INFO] Rule:225 - rule Change Default Value for ADC ExternalTrigInjecConv L1 family is applicable
2023-01-15 22:11:13,525 [INFO] Rule:225 - rule Change Default Value for ADC ExternalTrigConv F1 family is applicable
2023-01-15 22:11:13,525 [INFO] Rule:225 - rule Change Default Value for ADC ExternalTrigInjecConv F1 family is applicable
2023-01-15 22:11:13,525 [INFO] Rule:225 - rule Change Default Value for ADC ExternalTrigConv F7 family is applicable
2023-01-15 22:11:13,525 [INFO] Rule:225 - rule Change Default Value for ADC ExternalTrigInjecConv F7 family is applicable
2023-01-15 22:11:13,525 [INFO] Rule:225 - rule Change Default Value for ADC ExternalTrigConv F4 and F2 family is applicable
2023-01-15 22:11:13,525 [INFO] Rule:225 - rule Change Default Value for ADC ExternalTrigInjecConv F4 and F2 family is applicable
2023-01-15 22:11:13,525 [INFO] Rule:225 - rule ADC SamplingTime fix with FW L0  is applicable
2023-01-15 22:11:13,525 [INFO] Rule:225 - rule ADC SamplingTime fix with FW L0  is applicable
2023-01-15 22:11:13,525 [INFO] Rule:225 - rule ADC SamplingTime fix with FW L0 is applicable
2023-01-15 22:11:13,525 [INFO] Rule:225 - rule ADC SamplingTime fix with FW L0 is applicable
2023-01-15 22:11:13,525 [INFO] Rule:225 - rule ADC SamplingTime fix with FW L0  is applicable
2023-01-15 22:11:13,525 [INFO] Rule:225 - rule ADC SamplingTime fix with FW L0 is applicable
2023-01-15 22:11:13,525 [INFO] Rule:225 - rule Rename USB_OE Signal is applicable
2023-01-15 22:11:13,525 [INFO] Rule:225 - rule Rename Activate_OE Mode is applicable
2023-01-15 22:11:13,526 [INFO] Rule:225 - rule Rename DIE462/DIE415 pin PC14/OSC32_IN -> PC14-OSC32_IN (PC14) is applicable
2023-01-15 22:11:13,526 [INFO] Rule:225 - rule Rename DIE462/DIE415 pin PC15/OSC32_OUT -> PC15-OSC32_OUT (PC15) is applicable
2023-01-15 22:11:13,526 [INFO] Rule:225 - rule Rename DIE462/DIE415 pin PH0/OSC_IN -> PH0-OSC_IN (PH0) is applicable
2023-01-15 22:11:13,526 [INFO] Rule:225 - rule Rename DIE462/DIE415 pin PH1/OSC_OUT -> PH1-OSC_OUT (PH1) is applicable
2023-01-15 22:11:13,526 [INFO] Rule:225 - rule Rename DIE462 pin PA13 -> PA13 (JTMS/SWDIO) is applicable
2023-01-15 22:11:13,526 [INFO] Rule:225 - rule Rename DIE415 pin PA13 -> PA13 (JTMS/SWDIO) is applicable
2023-01-15 22:11:13,526 [INFO] Rule:225 - rule Rename DIE462 pin PA14 -> PA14 (JTCK/SWCLK) is applicable
2023-01-15 22:11:13,526 [INFO] Rule:225 - rule Rename DIE415 pin PA14 -> PA14 (JTCK/SWCLK) is applicable
2023-01-15 22:11:13,526 [INFO] Rule:225 - rule Rename DIE462/DIE415 pin PA15 -> PA15 (JTDI) is applicable
2023-01-15 22:11:13,526 [INFO] Rule:225 - rule Rename DIE462 pin PB3 -> PB3 (JTD0/TRACESWO) is applicable
2023-01-15 22:11:13,526 [INFO] Rule:225 - rule Rename DIE415 pin PB3 -> PB3 (JTD0-TRACESWO) is applicable
2023-01-15 22:11:13,526 [INFO] Rule:225 - rule Rename DIE462/DIE415 pin PB4 -> PB4 (NJTRST) is applicable
2023-01-15 22:11:13,526 [INFO] Rule:225 - rule Rename DIE462 pin PH3/BOOT0 -> PH3-BOOT0 (BOOT0) is applicable
2023-01-15 22:11:13,526 [INFO] Rule:225 - rule Rename CRYP DataEncryptionTypesList to Algorithm is applicable
2023-01-15 22:11:13,527 [INFO] Rule:225 - rule Rename AES DataEncryptionTypesList to Algorithm is applicable
2023-01-15 22:11:13,527 [INFO] Rule:225 - rule Rename TDESECB to CRYP_TDES_ECB is applicable
2023-01-15 22:11:13,527 [INFO] Rule:225 - rule Rename TDESCBC to CRYP_TDES_CBC is applicable
2023-01-15 22:11:13,527 [INFO] Rule:225 - rule Rename DESECB to CRYP_DES_ECB is applicable
2023-01-15 22:11:13,527 [INFO] Rule:225 - rule Rename DESCBC to CRYP_DES_CBC is applicable
2023-01-15 22:11:13,527 [INFO] Rule:225 - rule Rename AESECB to CRYP_AES_ECB is applicable
2023-01-15 22:11:13,527 [INFO] Rule:225 - rule Rename AESCBC to CRYP_AES_CBC is applicable
2023-01-15 22:11:13,527 [INFO] Rule:225 - rule Rename AESCTR to CRYP_AES_CTR is applicable
2023-01-15 22:11:13,527 [INFO] Rule:225 - rule Rename AESGCM to CRYP_AES_GCM is applicable
2023-01-15 22:11:13,527 [INFO] Rule:225 - rule Rename AESCCM to CRYP_AES_CCM is applicable
2023-01-15 22:11:13,527 [INFO] Rule:225 - rule Rename CAN TimeSeg1 to BS1 is applicable
2023-01-15 22:11:13,527 [INFO] Rule:225 - rule Rename CAN TimeSeg2 to BS2 is applicable
2023-01-15 22:11:13,527 [INFO] Rule:225 - rule Rename CAN SyncJumpWidth to SJW is applicable
2023-01-15 22:11:13,527 [INFO] Rule:225 - rule TimeTriggeredMode to TTCM is applicable
2023-01-15 22:11:13,527 [INFO] Rule:225 - rule Rename CAN AutoBusOff to ABOM is applicable
2023-01-15 22:11:13,527 [INFO] Rule:225 - rule Rename CAN AutoWakeUp to AWUM is applicable
2023-01-15 22:11:13,527 [INFO] Rule:225 - rule Rename CAN AutoRetransmission to NART is applicable
2023-01-15 22:11:13,528 [INFO] Rule:225 - rule Rename CAN ReceiveFifoLocked to RFLM is applicable
2023-01-15 22:11:13,528 [INFO] Rule:225 - rule Rename CAN TransmitFifoPriority to TXFP is applicable
2023-01-15 22:11:13,528 [INFO] Rule:225 - rule Rename HRTIMER HRTIM_OUTPUTFAULTLEVEL_HIGH in HRTIMER HRTIM_OUTPUTFAULTLEVEL_HIGHZ is applicable
2023-01-15 22:11:13,528 [INFO] Rule:225 - rule Rename TIMER TIM_CLEARINPUTSOURCE_OCREFCLR in  TIMER TIM_CLEARINPUTSOURCE_NONE for F7 family is applicable
2023-01-15 22:11:13,528 [INFO] Rule:225 - rule FDCAN_R1 - Rename FDCAN mode Master into Classic is applicable
2023-01-15 22:11:13,528 [INFO] Rule:225 - rule FDCAN_R2 - Rename FDCAN mode Slave into Classic is applicable
2023-01-15 22:11:13,528 [INFO] Rule:225 - rule FDCAN1_R3 - if PA10.Mode=FullDuplex, add Pin PA12 is applicable
2023-01-15 22:11:13,528 [INFO] Rule:225 - rule FDCAN1_R3 - if PA9.Mode=FullDuplex, add Pin PA11 is applicable
2023-01-15 22:11:13,528 [INFO] Rule:225 - rule FDCAN1_R3 - Alternatepin_1 - if PE1.Mode=FullDuplex, add Pin PB9 is applicable
2023-01-15 22:11:13,528 [INFO] Rule:225 - rule FDCAN1_R3 - Alternatepin_1 - if PE0.Mode=FullDuplex, add Pin PB8 is applicable
2023-01-15 22:11:13,528 [INFO] Rule:225 - rule FDCAN1_R3 - Alternatepin_2 - if PD5.Mode=FullDuplex, add Pin PD1 is applicable
2023-01-15 22:11:13,528 [INFO] Rule:225 - rule FDCAN1_R3 - Alternatepin_2 - if PD4.Mode=FullDuplex, add Pin PD0 is applicable
2023-01-15 22:11:13,528 [INFO] Rule:225 - rule FDCAN1_R4 - Rename Mode FullDuplex into Enable FDCAN_TXFD for pin PA10 is applicable
2023-01-15 22:11:13,528 [INFO] Rule:225 - rule FDCAN1_R4 - Rename Mode FullDuplex into Enable FDCAN_TXFD for pin PA9 is applicable
2023-01-15 22:11:13,528 [INFO] Rule:225 - rule FDCAN1_R4 - Alternatepin_1 - Rename Mode FullDuplex into Enable FDCAN_TXFD for pin PE1 is applicable
2023-01-15 22:11:13,528 [INFO] Rule:225 - rule FDCAN1_R4 - Alternatepin_1 - Rename Mode FullDuplex into Enable FDCAN_TXFD for pin PE0 is applicable
2023-01-15 22:11:13,528 [INFO] Rule:225 - rule FDCAN1_R4 - Alternatepin_2 - Rename Mode FullDuplex into Enable FDCAN_TXFD for pin PD5 is applicable
2023-01-15 22:11:13,528 [INFO] Rule:225 - rule FDCAN1_R4 - Alternatepin_2 - Rename Mode FullDuplex into Enable FDCAN_TXFD for pin PD4 is applicable
2023-01-15 22:11:13,528 [INFO] Rule:225 - rule FDCAN2_R3 - if PD10.Mode=FullDuplex, add Pin PB13 is applicable
2023-01-15 22:11:13,528 [INFO] Rule:225 - rule FDCAN2_R3 - if PD9.Mode=FullDuplex, add Pin PB12 is applicable
2023-01-15 22:11:13,528 [INFO] Rule:225 - rule FDCAN2_R3 - Alternatepin_1 - if PB7.Mode=FullDuplex, add Pin PB6 is applicable
2023-01-15 22:11:13,528 [INFO] Rule:225 - rule FDCAN2_R3 - Alternatepin_1 - if PD9.Mode=FullDuplex, add Pin PB12 is applicable
2023-01-15 22:11:13,528 [INFO] Rule:225 - rule FDCAN2_R4 - Rename Mode FullDuplex into Enable FDCAN_TXFD for pin PD10 is applicable
2023-01-15 22:11:13,528 [INFO] Rule:225 - rule FDCAN2_R4 - Rename Mode FullDuplex into Enable FDCAN_TXFD for pin PD9 is applicable
2023-01-15 22:11:13,528 [INFO] Rule:225 - rule FDCAN2_R4 - Alternatepin_1 - Rename Mode FullDuplex into Enable FDCAN_TXFD for pin PB7 is applicable
2023-01-15 22:11:13,528 [INFO] Rule:225 - rule FDCAN2_R4 - Alternatepin_1 - Rename Mode FullDuplex into Enable FDCAN_TXFD for pin PD6 is applicable
2023-01-15 22:11:13,529 [INFO] Rule:225 - rule USART TxPinLevelInvertParam Mode is applicable
2023-01-15 22:11:13,529 [INFO] Rule:225 - rule USART RxPinLevelInvertParam Mode is applicable
2023-01-15 22:11:13,529 [INFO] Rule:225 - rule USART DataInvertParam Mode is applicable
2023-01-15 22:11:13,529 [INFO] Rule:225 - rule USART SwapParam Mode is applicable
2023-01-15 22:11:13,529 [INFO] Rule:225 - rule USART OverrunDisableParam Mode is applicable
2023-01-15 22:11:13,529 [INFO] Rule:225 - rule USART DMADisableonRxErrorParam Mode is applicable
2023-01-15 22:11:13,529 [INFO] Rule:225 - rule USART MSBFirstParam Mode is applicable
2023-01-15 22:11:13,529 [INFO] Rule:225 - rule Update MwName for USB_DEVICE is applicable
2023-01-15 22:11:13,529 [INFO] Rule:225 - rule Change PWR_Regulator_Voltage_Scale Default Value for RCC  H7 family is applicable
2023-01-15 22:11:13,529 [INFO] Rule:225 - rule UART/USART IPParameter rename Prescaler parameter to ClockPrescaler is applicable
2023-01-15 22:11:13,529 [INFO] Rule:225 - rule UART/USART Prescaler rename Prescaler parameter to ClockPrescaler is applicable
2023-01-15 22:11:13,529 [INFO] Rule:225 - rule TIM1CLockSelection is applicable
2023-01-15 22:11:13,529 [INFO] Rule:225 - rule TIM15CLockSelection is applicable
2023-01-15 22:11:13,529 [INFO] Rule:225 - rule align RCC SDMMC3CLockSelection default value on MP1 is applicable
2023-01-15 22:11:13,529 [INFO] Rule:225 - rule align RCC SDMMC12CLockSelection default value on MP1 is applicable
2023-01-15 22:11:13,529 [INFO] Rule:225 - rule align RCC QSPICLockSelection default value on MP1 is applicable
2023-01-15 22:11:13,529 [INFO] Rule:225 - rule align RCC QSPICLockSelection default value on MP1 is applicable
2023-01-15 22:11:13,529 [INFO] Rule:225 - rule align RCC SPI6CLockSelection default value on MP1 is applicable
2023-01-15 22:11:13,529 [INFO] Rule:225 - rule align RCC LPTIM23CLockSelection default value on MP1 is applicable
2023-01-15 22:11:13,529 [INFO] Rule:225 - rule align RCC LPTIM1CLockSelection default value on MP1 is applicable
2023-01-15 22:11:13,529 [INFO] Rule:225 - rule align RCC USART1CLockSelection default value on MP1 is applicable
2023-01-15 22:11:13,529 [INFO] Rule:225 - rule align RCC USART24CLockSelection default value on MP1 is applicable
2023-01-15 22:11:13,529 [INFO] Rule:225 - rule align RCC USART6CLockSelection default value on MP1 is applicable
2023-01-15 22:11:13,529 [INFO] Rule:225 - rule align RCC UART78CLockSelection default value on MP1 is applicable
2023-01-15 22:11:13,529 [INFO] Rule:225 - rule align RCC USART35CLockSelection default value on MP1 is applicable
2023-01-15 22:11:13,529 [INFO] Rule:225 - rule align RCC SPI45CLockSelection default value on MP1 is applicable
2023-01-15 22:11:13,530 [INFO] Rule:225 - rule align RCC I2C46CLockSelection BCLK value on MP1 is applicable
2023-01-15 22:11:13,530 [INFO] Rule:225 - rule align RCC SPI45CLockSelection default value on MP1 is applicable
2023-01-15 22:11:13,530 [INFO] Rule:225 - rule align RCC I2C12CLockSelection default value on MP1 is applicable
2023-01-15 22:11:13,530 [INFO] Rule:225 - rule align RCC I2C35CLockSelection default value on MP1 is applicable
2023-01-15 22:11:13,530 [INFO] Rule:225 - rule align RCC LPTIM45CLockSelection default value on MP1 is applicable
2023-01-15 22:11:13,530 [INFO] Rule:225 - rule Rename DCMI PIXCK signal is applicable
2023-01-15 22:11:13,530 [INFO] Rule:225 - rule Change Default Value for I2C46CLockSelection MP1 family is applicable
2023-01-15 22:11:13,530 [INFO] Rule:225 - rule Change Default Value for UART for G4, G0 and WB families is applicable
2023-01-15 22:11:13,530 [INFO] Rule:225 - rule Change Default Value for USART for G4, G0 and WB families is applicable
2023-01-15 22:11:13,530 [INFO] Rule:225 - rule Change Default Value for USART for G4 family is applicable
2023-01-15 22:11:13,530 [INFO] Rule:225 - rule Change USART1CLockSelection refparam name for MP1 is applicable
2023-01-15 22:11:13,530 [INFO] Rule:225 - rule Change USART2CLockSelection refparam name for MP1 is applicable
2023-01-15 22:11:13,530 [INFO] Rule:225 - rule Change USART3CLockSelection refparam name for MP1 is applicable
2023-01-15 22:11:13,530 [INFO] Rule:225 - rule Change UART4CLockSelection refparam name for MP1 is applicable
2023-01-15 22:11:13,530 [INFO] Rule:225 - rule Change UART5CLockSelection refparam name for MP1 is applicable
2023-01-15 22:11:13,530 [INFO] Rule:225 - rule Change LPUART1CLockSelection refparam name for MP1 is applicable
2023-01-15 22:11:13,530 [INFO] Rule:225 - rule Change LPTIM1CLockSelection refparam name for MP1 is applicable
2023-01-15 22:11:13,530 [INFO] Rule:225 - rule Change LPTIM2CLockSelection refparam name for MP1 is applicable
2023-01-15 22:11:13,530 [INFO] Rule:225 - rule Change RCC_MCO1Source refparam name for MP1 is applicable
2023-01-15 22:11:13,530 [INFO] Rule:225 - rule Change LSCOSource1 refparam name for MP1 is applicable
2023-01-15 22:11:13,530 [INFO] Rule:225 - rule Change SMPSCLockSelection refparam name for MP1 is applicable
2023-01-15 22:11:13,530 [INFO] Rule:225 - rule Change LPTIM3CLockSelection refparam name for MP1 is applicable
2023-01-15 22:11:13,530 [INFO] Rule:225 - rule Change MPCBB* Default Template Mode to Parameters is applicable
2023-01-15 22:11:13,530 [INFO] Rule:225 - rule Change MPCWM* or MPCBB* Secure Mode to Parameters is applicable
2023-01-15 22:11:13,530 [INFO] Rule:225 - rule Change MPCWM* or MPCBB* No Secure Mode to Parameters is applicable
2023-01-15 22:11:13,530 [INFO] Rule:225 - rule Change TZSC IP Secure Mode to Parameters is applicable
2023-01-15 22:11:13,530 [INFO] Rule:225 - rule Change TZSC IP No Secure Mode to Parameters is applicable
2023-01-15 22:11:13,530 [INFO] Rule:225 - rule Change TZSC IP Privilege Mode to Parameters is applicable
2023-01-15 22:11:13,530 [INFO] Rule:225 - rule Change TZSC IP No Privilege Mode to Parameters is applicable
2023-01-15 22:11:13,531 [INFO] Rule:225 - rule Change TZIC IT Secure Mode to Parameters is applicable
2023-01-15 22:11:13,531 [INFO] Rule:225 - rule Change TZIC IT No Secure Mode to Parameters is applicable
2023-01-15 22:11:13,531 [INFO] Rule:225 - rule Add MPCBB1_NonSecureArea_Start_Address value with referenced to MPCBB1_NonSecureArea_Start value is applicable
2023-01-15 22:11:13,531 [INFO] Rule:225 - rule Add MPCBB2_NonSecureArea_Start_Address value with referenced to MPCBB2_NonSecureArea_Start value is applicable
2023-01-15 22:11:13,531 [INFO] Rule:225 - rule Add MPCWM1_NonSecureArea*_Start_Address value with referenced to MPCWM1_NonSecureArea*_Start value is applicable
2023-01-15 22:11:13,531 [INFO] Rule:225 - rule Add MPCWM2_NonSecureArea*_Start_Address value with referenced to MPCWM2_NonSecureArea*_Start value is applicable
2023-01-15 22:11:13,531 [INFO] Rule:225 - rule Add MPCWM3_NonSecureArea_Start_Address value with referenced to MPCWM3_NonSecureArea_Start value is applicable
2023-01-15 22:11:13,531 [INFO] Rule:225 - rule Change Default Value for PLL1UserDefinedConfig is applicable
2023-01-15 22:11:13,531 [INFO] Rule:225 - rule Change GPIO_PuPd Default Value for USART in async mode is applicable
2023-01-15 22:11:13,531 [INFO] Rule:225 - rule Change SMPSDivider Default Value is applicable
2023-01-15 22:11:13,531 [INFO] Rule:225 - rule OPAMP is applicable
2023-01-15 22:11:13,531 [INFO] Rule:225 - rule LPUART IPParameter rename Prescaler parameter to ClockPrescaler for STM32H7 is applicable
2023-01-15 22:11:13,531 [INFO] Rule:225 - rule LPUART IPParameter rename Prescaler parameter to ClockPrescaler for STM32H7 is applicable
2023-01-15 22:11:13,531 [INFO] Rule:225 - rule LPUART IPParameter rename Prescaler parameter to ClockPrescaler for STM32WB is applicable
2023-01-15 22:11:13,531 [INFO] Rule:225 - rule LPUART IPParameter rename Prescaler parameter to ClockPrescaler for STM32WB is applicable
2023-01-15 22:11:13,531 [INFO] Rule:225 - rule LPUART IPParameter rename Prescaler parameter to ClockPrescaler for STM32G4 is applicable
2023-01-15 22:11:13,532 [INFO] Rule:225 - rule LPUART IPParameter rename Prescaler parameter to ClockPrescaler for STM32G4 is applicable
2023-01-15 22:11:13,532 [INFO] Rule:225 - rule LPUART IPParameter rename Prescaler parameter to ClockPrescaler for STM32L5 is applicable
2023-01-15 22:11:13,532 [INFO] Rule:225 - rule LPUART IPParameter rename Prescaler parameter to ClockPrescaler for STM32L5 is applicable
2023-01-15 22:11:13,532 [INFO] Rule:225 - rule LPUART IPParameter rename Prescaler parameter to ClockPrescaler for STM32G4 is applicable
2023-01-15 22:11:13,532 [INFO] Rule:225 - rule LPUART IPParameter rename Prescaler parameter to ClockPrescaler for STM32G4 is applicable
2023-01-15 22:11:13,532 [INFO] Rule:225 - rule USB device lib V2.5.3 for L0 rename USBD_SUPPORT_USER_STRING parameter to USBD_SUPPORT_USER_STRING_DESC4 is applicable
2023-01-15 22:11:13,532 [INFO] Rule:225 - rule I2SCLockSelection clock entry align is applicable
2023-01-15 22:11:13,532 [INFO] Rule:225 - rule Assign TIMx context if used as SYS timebase is applicable
2023-01-15 22:11:13,532 [INFO] Rule:225 - rule Change GPIO_Pu Default Value for I2C is applicable
2023-01-15 22:11:13,532 [INFO] Rule:225 - rule Change GPIO_Pu Default Value for SMBus is applicable
2023-01-15 22:11:13,532 [INFO] Rule:225 - rule change FDCAN default value is applicable
2023-01-15 22:11:13,532 [INFO] Rule:225 - rule Change mode sai is applicable
2023-01-15 22:11:13,532 [INFO] Rule:225 - rule **Change sai mode is applicable
2023-01-15 22:11:13,545 [INFO] DbConfProperties:305 - Apply Compatibility (49/248 Rules)
2023-01-15 22:11:13,560 [INFO] ImportTextPane:193 - (OptionalMessage_ERROR) Unable to find key (Mcu.ThirdPartyNb) in loaded IOC file
2023-01-15 22:11:13,848 [INFO] RtosManager:489 - Registered RTOS mode: class=CMSIS, group=RTOS, mode=CMSIS_V1, owner=FREERTOS
2023-01-15 22:11:13,848 [INFO] RtosManager:489 - Registered RTOS mode: class=CMSIS, group=RTOS2, mode=CMSIS_V2, owner=FREERTOS
2023-01-15 22:11:13,848 [INFO] RtosManager:489 - Registered RTOS mode: class=RTOS, group=Core, mode=CMSIS_V1, owner=FREERTOS
2023-01-15 22:11:13,848 [INFO] RtosManager:489 - Registered RTOS mode: class=RTOS, group=Core, mode=CMSIS_V2, owner=FREERTOS
2023-01-15 22:11:13,848 [WARN] ModelIntegratedComponent:185 - Missing modes for component STMicroelectronics:FreeRTOS:0.0.1:STMicroelectronics:RTOS:FreeRTOS:Core:::10.2.0:
2023-01-15 22:11:13,861 [WARN] ModelIntegratedComponent:183 - Modes not found for component STMicroelectronics:USB_HOST:1.0.0:STMicroelectronics:USB::USB Host:Audio HS::1.0:USB_HOST_1_0_RESTRICTED_HS
2023-01-15 22:11:13,861 [WARN] ModelIntegratedComponent:189 - Modes not found for component STMicroelectronics:USB_HOST:1.0.0:STMicroelectronics:USB::USB Host:Audio HS::1.0:USB_HOST_1_0_RESTRICTED_HS
2023-01-15 22:11:13,861 [WARN] ModelIntegratedComponent:183 - Modes not found for component STMicroelectronics:USB_HOST:1.0.0:STMicroelectronics:USB::USB Host:CDC HS::1.0:USB_HOST_1_0_RESTRICTED_HS
2023-01-15 22:11:13,861 [WARN] ModelIntegratedComponent:189 - Modes not found for component STMicroelectronics:USB_HOST:1.0.0:STMicroelectronics:USB::USB Host:CDC HS::1.0:USB_HOST_1_0_RESTRICTED_HS
2023-01-15 22:11:13,861 [WARN] ModelIntegratedComponent:183 - Modes not found for component STMicroelectronics:USB_HOST:1.0.0:STMicroelectronics:USB::USB Host:MSC HS::1.0:USB_HOST_1_0_RESTRICTED_HS
2023-01-15 22:11:13,861 [WARN] ModelIntegratedComponent:189 - Modes not found for component STMicroelectronics:USB_HOST:1.0.0:STMicroelectronics:USB::USB Host:MSC HS::1.0:USB_HOST_1_0_RESTRICTED_HS
2023-01-15 22:11:13,862 [WARN] ModelIntegratedComponent:183 - Modes not found for component STMicroelectronics:USB_HOST:1.0.0:STMicroelectronics:USB::USB Host:HID HS::1.0:USB_HOST_1_0_RESTRICTED_HS
2023-01-15 22:11:13,862 [WARN] ModelIntegratedComponent:189 - Modes not found for component STMicroelectronics:USB_HOST:1.0.0:STMicroelectronics:USB::USB Host:HID HS::1.0:USB_HOST_1_0_RESTRICTED_HS
2023-01-15 22:11:13,862 [WARN] ModelIntegratedComponent:183 - Modes not found for component STMicroelectronics:USB_HOST:1.0.0:STMicroelectronics:USB::USB Host:MTP HS::1.0:USB_HOST_1_0_RESTRICTED_HS
2023-01-15 22:11:13,862 [WARN] ModelIntegratedComponent:189 - Modes not found for component STMicroelectronics:USB_HOST:1.0.0:STMicroelectronics:USB::USB Host:MTP HS::1.0:USB_HOST_1_0_RESTRICTED_HS
2023-01-15 22:11:13,867 [WARN] ModelIntegratedComponent:64 - No mode defined for component null
2023-01-15 22:11:13,867 [WARN] ModelIntegratedComponent:64 - No mode defined for component null
2023-01-15 22:11:13,867 [WARN] ModelIntegratedComponent:64 - No mode defined for component null
2023-01-15 22:11:13,867 [WARN] ModelIntegratedComponent:64 - No mode defined for component null
2023-01-15 22:11:13,867 [WARN] ModelIntegratedComponent:64 - No mode defined for component null
2023-01-15 22:11:13,868 [WARN] ModelIntegratedComponent:64 - No mode defined for component null
2023-01-15 22:11:13,868 [WARN] ModelIntegratedComponent:64 - No mode defined for component null
2023-01-15 22:11:13,868 [WARN] ModelIntegratedComponent:64 - No mode defined for component null
2023-01-15 22:11:13,868 [WARN] ModelIntegratedComponent:64 - No mode defined for component null
2023-01-15 22:11:13,868 [WARN] ModelIntegratedComponent:64 - No mode defined for component null
2023-01-15 22:11:13,868 [WARN] ModelIntegratedComponent:64 - No mode defined for component null
2023-01-15 22:11:13,868 [WARN] ModelIntegratedComponent:64 - No mode defined for component null
2023-01-15 22:11:13,868 [WARN] ModelIntegratedComponent:64 - No mode defined for component null
2023-01-15 22:11:13,868 [WARN] ModelIntegratedComponent:64 - No mode defined for component null
2023-01-15 22:11:13,868 [WARN] ModelIntegratedComponent:64 - No mode defined for component null
2023-01-15 22:11:13,868 [WARN] ModelIntegratedComponent:64 - No mode defined for component null
2023-01-15 22:11:13,868 [WARN] ModelIntegratedComponent:64 - No mode defined for component null
2023-01-15 22:11:13,868 [WARN] ModelIntegratedComponent:64 - No mode defined for component null
2023-01-15 22:11:13,868 [WARN] ModelIntegratedComponent:64 - No mode defined for component null
2023-01-15 22:11:13,868 [WARN] ModelIntegratedComponent:64 - No mode defined for component null
2023-01-15 22:11:13,869 [WARN] ModelIntegratedComponent:64 - No mode defined for component null
2023-01-15 22:11:13,869 [WARN] ModelIntegratedComponent:64 - No mode defined for component null
2023-01-15 22:11:13,869 [WARN] ModelIntegratedComponent:64 - No mode defined for component null
2023-01-15 22:11:13,869 [WARN] ModelIntegratedComponent:64 - No mode defined for component null
2023-01-15 22:11:13,869 [WARN] ModelIntegratedComponent:64 - No mode defined for component null
2023-01-15 22:11:13,869 [WARN] ModelIntegratedComponent:64 - No mode defined for component null
2023-01-15 22:11:13,869 [WARN] ModelIntegratedComponent:64 - No mode defined for component null
2023-01-15 22:11:13,869 [WARN] ModelIntegratedComponent:64 - No mode defined for component null
2023-01-15 22:11:13,869 [WARN] ModelIntegratedComponent:64 - No mode defined for component null
2023-01-15 22:11:13,869 [WARN] ModelIntegratedComponent:64 - No mode defined for component null
2023-01-15 22:11:13,869 [WARN] ModelIntegratedComponent:64 - No mode defined for component null
2023-01-15 22:11:13,869 [WARN] ModelIntegratedComponent:64 - No mode defined for component null
2023-01-15 22:11:13,869 [WARN] ModelIntegratedComponent:64 - No mode defined for component null
2023-01-15 22:11:13,981 [WARN] ModelIntegratedComponent:183 - Modes not found for component STMicroelectronics:USB_DEVICE:1.0.0:STMicroelectronics:USB::USB Device:Audio HS::1.0:USB_DEVICE_1_0_RESTRICTED_HS
2023-01-15 22:11:13,981 [WARN] ModelIntegratedComponent:189 - Modes not found for component STMicroelectronics:USB_DEVICE:1.0.0:STMicroelectronics:USB::USB Device:Audio HS::1.0:USB_DEVICE_1_0_RESTRICTED_HS
2023-01-15 22:11:13,981 [WARN] ModelIntegratedComponent:183 - Modes not found for component STMicroelectronics:USB_DEVICE:1.0.0:STMicroelectronics:USB::USB Device:CDC HS::1.0:USB_DEVICE_1_0_RESTRICTED_HS
2023-01-15 22:11:13,981 [WARN] ModelIntegratedComponent:189 - Modes not found for component STMicroelectronics:USB_DEVICE:1.0.0:STMicroelectronics:USB::USB Device:CDC HS::1.0:USB_DEVICE_1_0_RESTRICTED_HS
2023-01-15 22:11:13,981 [WARN] ModelIntegratedComponent:183 - Modes not found for component STMicroelectronics:USB_DEVICE:1.0.0:STMicroelectronics:USB::USB Device:DFU HS::1.0:USB_DEVICE_1_0_RESTRICTED_HS
2023-01-15 22:11:13,981 [WARN] ModelIntegratedComponent:189 - Modes not found for component STMicroelectronics:USB_DEVICE:1.0.0:STMicroelectronics:USB::USB Device:DFU HS::1.0:USB_DEVICE_1_0_RESTRICTED_HS
2023-01-15 22:11:13,982 [WARN] ModelIntegratedComponent:183 - Modes not found for component STMicroelectronics:USB_DEVICE:1.0.0:STMicroelectronics:USB::USB Device:HID HS::1.0:USB_DEVICE_1_0_RESTRICTED_HS
2023-01-15 22:11:13,982 [WARN] ModelIntegratedComponent:189 - Modes not found for component STMicroelectronics:USB_DEVICE:1.0.0:STMicroelectronics:USB::USB Device:HID HS::1.0:USB_DEVICE_1_0_RESTRICTED_HS
2023-01-15 22:11:13,982 [WARN] ModelIntegratedComponent:183 - Modes not found for component STMicroelectronics:USB_DEVICE:1.0.0:STMicroelectronics:USB::USB Device:Custom HID HS::1.0:USB_DEVICE_1_0_RESTRICTED_HS
2023-01-15 22:11:13,982 [WARN] ModelIntegratedComponent:189 - Modes not found for component STMicroelectronics:USB_DEVICE:1.0.0:STMicroelectronics:USB::USB Device:Custom HID HS::1.0:USB_DEVICE_1_0_RESTRICTED_HS
2023-01-15 22:11:13,982 [WARN] ModelIntegratedComponent:183 - Modes not found for component STMicroelectronics:USB_DEVICE:1.0.0:STMicroelectronics:USB::USB Device:MSC HS::1.0:USB_DEVICE_1_0_RESTRICTED_HS
2023-01-15 22:11:13,982 [WARN] ModelIntegratedComponent:189 - Modes not found for component STMicroelectronics:USB_DEVICE:1.0.0:STMicroelectronics:USB::USB Device:MSC HS::1.0:USB_DEVICE_1_0_RESTRICTED_HS
2023-01-15 22:11:14,002 [INFO] ThirdPartyModel:294 - Start build external matchings
2023-01-15 22:11:14,421 [INFO] ThirdPartyModel:310 - End build external matchings
2023-01-15 22:11:14,441 [INFO] ImportTextPane:193 - (OptionalMessage_ERROR) IP (RCC) : Parameter (48MHZClocksFreq_Value) has invalid value (84000000)
2023-01-15 22:11:14,442 [INFO] ImportTextPane:193 - (OptionalMessage_ERROR) IP (RCC) : Parameter (FLatency) has Id (AdvancedSettings) currently not set
2023-01-15 22:11:14,443 [INFO] ImportTextPane:193 - (OptionalMessage_ERROR) IP (RCC) : Parameter (RTCHSEDivFreq_Value) has invalid value (4000000)
2023-01-15 22:11:14,694 [INFO] UtilMem:74 - End LoadConfig() Used Memory: 404692408 Bytes (491782144)
2023-01-15 22:11:14,773 [WARN] ThirdParty:807 - waiting for thirdparty lock release [change project]
2023-01-15 22:11:14,773 [INFO] ThirdParty:809 - entering critical section [change project]
2023-01-15 22:11:14,773 [INFO] ThirdParty:999 - CMSIS Pack Vendor :STMicroelectronics X-CUBE-ISPU 1.1.0
2023-01-15 22:11:14,773 [INFO] ThirdParty:999 - CMSIS Pack Vendor :RoweBots I-CUBE-UNISONRTOS 5.5.0-4
2023-01-15 22:11:14,773 [INFO] ThirdParty:999 - CMSIS Pack Vendor :STMicroelectronics USB_HOST 2.0.0
2023-01-15 22:11:14,773 [INFO] ThirdParty:999 - CMSIS Pack Vendor :STMicroelectronics X-CUBE-AZRTOS-F4 1.1.0
2023-01-15 22:11:14,773 [INFO] ThirdParty:999 - CMSIS Pack Vendor :STMicroelectronics LIBJPEG 8.0.0
2023-01-15 22:11:14,773 [INFO] ThirdParty:999 - CMSIS Pack Vendor :STMicroelectronics USB_DEVICE 3.0.0
2023-01-15 22:11:14,773 [INFO] ThirdParty:999 - CMSIS Pack Vendor :STMicroelectronics X-CUBE-TOUCHGFX 4.21.0
2023-01-15 22:11:14,773 [INFO] ThirdParty:999 - CMSIS Pack Vendor :STMicroelectronics X-CUBE-BLEMGR 1.0.0
2023-01-15 22:11:14,773 [INFO] ThirdParty:999 - CMSIS Pack Vendor :STMicroelectronics X-CUBE-AZRTOS-F7 1.1.0
2023-01-15 22:11:14,773 [INFO] ThirdParty:999 - CMSIS Pack Vendor :STMicroelectronics X-CUBE-MEMS1 9.4.0
2023-01-15 22:11:14,773 [INFO] ThirdParty:999 - CMSIS Pack Vendor :STMicroelectronics USB_DEVICE 2.0.0
2023-01-15 22:11:14,773 [INFO] ThirdParty:999 - CMSIS Pack Vendor :STMicroelectronics X-CUBE-AI 7.3.0
2023-01-15 22:11:14,773 [INFO] ThirdParty:999 - CMSIS Pack Vendor :STMicroelectronics X-CUBE-BLE1 6.2.3
2023-01-15 22:11:14,773 [INFO] ThirdParty:999 - CMSIS Pack Vendor :STMicroelectronics X-CUBE-ALGOBUILD 1.3.0
2023-01-15 22:11:14,773 [INFO] ThirdParty:999 - CMSIS Pack Vendor :STMicroelectronics X-CUBE-BLE1 6.2.4
2023-01-15 22:11:14,773 [INFO] ThirdParty:999 - CMSIS Pack Vendor :STMicroelectronics X-CUBE-AZRTOS-L5 1.1.0
2023-01-15 22:11:14,773 [INFO] ThirdParty:999 - CMSIS Pack Vendor :STMicroelectronics FreeRTOS 0.0.1
2023-01-15 22:11:14,773 [INFO] ThirdParty:999 - CMSIS Pack Vendor :emotas I-CUBE-CANOPEN 1.1.3
2023-01-15 22:11:14,773 [INFO] ThirdParty:999 - CMSIS Pack Vendor :STMicroelectronics X-CUBE-AZRTOS-G0 1.1.0
2023-01-15 22:11:14,773 [INFO] ThirdParty:999 - CMSIS Pack Vendor :STMicroelectronics X-CUBE-SUBG2 5.0.0
2023-01-15 22:11:14,773 [INFO] ThirdParty:999 - CMSIS Pack Vendor :STMicroelectronics STM32_WPAN 1.0.0
2023-01-15 22:11:14,773 [INFO] ThirdParty:999 - CMSIS Pack Vendor :STMicroelectronics lwIP 2.0.3
2023-01-15 22:11:14,774 [INFO] ThirdParty:999 - CMSIS Pack Vendor :STMicroelectronics X-CUBE-NFC4 2.0.5
2023-01-15 22:11:14,774 [INFO] ThirdParty:999 - CMSIS Pack Vendor :STMicroelectronics X-CUBE-NFC4 2.0.4
2023-01-15 22:11:14,774 [INFO] ThirdParty:999 - CMSIS Pack Vendor :STMicroelectronics USB_HOST 1.0.0
2023-01-15 22:11:14,774 [INFO] ThirdParty:999 - CMSIS Pack Vendor :STMicroelectronics PDM2PCM 3.1.0
2023-01-15 22:11:14,774 [INFO] ThirdParty:999 - CMSIS Pack Vendor :STMicroelectronics PDM2PCM 3.3.0
2023-01-15 22:11:14,774 [INFO] ThirdParty:999 - CMSIS Pack Vendor :STMicroelectronics X-CUBE-BLEMGR 1.3.0
2023-01-15 22:11:14,774 [INFO] ThirdParty:999 - CMSIS Pack Vendor :STMicroelectronics X-CUBE-AZRTOS-G4 1.0.0
2023-01-15 22:11:14,774 [INFO] ThirdParty:999 - CMSIS Pack Vendor :STMicroelectronics FP-ATR-SIGFOX1 3.2.0
2023-01-15 22:11:14,774 [INFO] ThirdParty:999 - CMSIS Pack Vendor :wolfSSL I-CUBE-wolfSSL 5.5.4
2023-01-15 22:11:14,774 [INFO] ThirdParty:999 - CMSIS Pack Vendor :STMicroelectronics X-CUBE-AZRTOS-L4 1.0.0
2023-01-15 22:11:14,774 [INFO] ThirdParty:999 - CMSIS Pack Vendor :STMicroelectronics HAL Drivers 0.0.0
2023-01-15 22:11:14,774 [INFO] ThirdParty:999 - CMSIS Pack Vendor :STMicroelectronics MBEDTLS 2.16.2
2023-01-15 22:11:14,774 [INFO] ThirdParty:999 - CMSIS Pack Vendor :STMicroelectronics MBEDTLS 2.14.1
2023-01-15 22:11:14,774 [INFO] ThirdParty:999 - CMSIS Pack Vendor :STMicroelectronics X-CUBE-AZRTOS-WL 1.0.0
2023-01-15 22:11:14,774 [INFO] ThirdParty:999 - CMSIS Pack Vendor :STMicroelectronics X-CUBE-MEMS1 9.3.0
2023-01-15 22:11:14,774 [INFO] ThirdParty:999 - CMSIS Pack Vendor :STMicroelectronics X-CUBE-EEPRMA1 4.1.0
2023-01-15 22:11:14,774 [INFO] ThirdParty:999 - CMSIS Pack Vendor :portGmbH I-Cube-SoM-uGOAL 1.1.0
2023-01-15 22:11:14,774 [INFO] ThirdParty:999 - CMSIS Pack Vendor :STMicroelectronics X-CUBE-AI 7.2.0
2023-01-15 22:11:14,774 [INFO] ThirdParty:999 - CMSIS Pack Vendor :STMicroelectronics ThreadX 1.0.0
2023-01-15 22:11:14,774 [INFO] ThirdParty:999 - CMSIS Pack Vendor :STMicroelectronics X-CUBE-AZRTOS-WB 1.1.0
2023-01-15 22:11:14,774 [INFO] ThirdParty:999 - CMSIS Pack Vendor :STMicroelectronics USB_DEVICE 1.0.0
2023-01-15 22:11:14,774 [INFO] ThirdParty:999 - CMSIS Pack Vendor :STMicroelectronics X-CUBE-EEPRMA1 3.1.1
2023-01-15 22:11:14,774 [INFO] ThirdParty:999 - CMSIS Pack Vendor :SEGGER I-CUBE-embOS 1.3.0
2023-01-15 22:11:14,774 [INFO] ThirdParty:999 - CMSIS Pack Vendor :STMicroelectronics ThreadX 0.0.2
2023-01-15 22:11:14,774 [INFO] ThirdParty:999 - CMSIS Pack Vendor :STMicroelectronics lwIP 2.1.2
2023-01-15 22:11:14,774 [INFO] ThirdParty:999 - CMSIS Pack Vendor :STMicroelectronics X-CUBE-TOF1 3.2.0
2023-01-15 22:11:14,774 [INFO] ThirdParty:999 - CMSIS Pack Vendor :STMicroelectronics PDM2PCM 3.2.0
2023-01-15 22:11:14,775 [INFO] ThirdParty:999 - CMSIS Pack Vendor :STMicroelectronics X-CUBE-AZRTOS-H7 3.0.0
2023-01-15 22:11:14,775 [INFO] ThirdParty:999 - CMSIS Pack Vendor :STMicroelectronics X-CUBE-ISPU 1.0.0
2023-01-15 22:11:14,775 [INFO] ThirdParty:815 - exiting critical section [change project]
2023-01-15 22:11:15,123 [INFO] PinOutPanel:1477 - setPackage(No Configuration,No Configuration)
2023-01-15 22:11:15,125 [INFO] PinOutPanel:1477 - setPackage(STM32F411RETx,LQFP64)
2023-01-15 22:11:15,767 [INFO] UtilMem:74 - Before build in PCC Used Memory: 469270912 Bytes (540016640)
2023-01-15 22:11:16,502 [INFO] UtilMem:74 - After build in PCC Used Memory: 444216312 Bytes (540016640)
2023-01-15 22:11:16,537 [INFO] IPUIPlugin:79 - create IPUIPlugin
2023-01-15 22:11:16,537 [INFO] IPUIPlugin:79 - create IPUIPlugin
2023-01-15 22:11:16,538 [INFO] IPUIPlugin:79 - create IPUIPlugin
2023-01-15 22:11:16,538 [INFO] IPUIPlugin:79 - create IPUIPlugin
2023-01-15 22:11:16,538 [INFO] IPUIPlugin:79 - create IPUIPlugin
2023-01-15 22:11:16,538 [INFO] IPUIPlugin:79 - create IPUIPlugin
2023-01-15 22:11:16,538 [INFO] IPUIPlugin:79 - create IPUIPlugin
2023-01-15 22:11:16,538 [INFO] IPUIPlugin:79 - create IPUIPlugin
2023-01-15 22:11:16,539 [INFO] IPUIPlugin:79 - create IPUIPlugin
2023-01-15 22:11:16,539 [INFO] IPUIPlugin:79 - create IPUIPlugin
2023-01-15 22:11:16,539 [INFO] IPUIPlugin:79 - create IPUIPlugin
2023-01-15 22:11:16,539 [INFO] IPUIPlugin:79 - create IPUIPlugin
2023-01-15 22:11:16,539 [INFO] IPUIPlugin:79 - create IPUIPlugin
2023-01-15 22:11:16,540 [INFO] IPUIPlugin:79 - create IPUIPlugin
2023-01-15 22:11:16,540 [INFO] IPUIPlugin:79 - create IPUIPlugin
2023-01-15 22:11:16,540 [INFO] IPUIPlugin:79 - create IPUIPlugin
2023-01-15 22:11:16,540 [INFO] IPUIPlugin:79 - create IPUIPlugin
2023-01-15 22:11:16,541 [INFO] IPUIPlugin:79 - create IPUIPlugin
2023-01-15 22:11:16,541 [INFO] IPUIPlugin:79 - create IPUIPlugin
2023-01-15 22:11:16,541 [INFO] IPUIPlugin:79 - create IPUIPlugin
2023-01-15 22:11:16,542 [INFO] IPUIPlugin:79 - create IPUIPlugin
2023-01-15 22:11:16,542 [INFO] IPUIPlugin:79 - create IPUIPlugin
2023-01-15 22:11:16,542 [INFO] IPUIPlugin:79 - create IPUIPlugin
2023-01-15 22:11:16,543 [INFO] IPUIPlugin:79 - create IPUIPlugin
2023-01-15 22:11:16,543 [INFO] IPUIPlugin:79 - create IPUIPlugin
2023-01-15 22:11:16,543 [INFO] IPUIPlugin:79 - create IPUIPlugin
2023-01-15 22:11:16,543 [INFO] IPUIPlugin:79 - create IPUIPlugin
2023-01-15 22:11:16,543 [INFO] IPUIPlugin:79 - create IPUIPlugin
2023-01-15 22:11:16,544 [INFO] IPUIPlugin:79 - create IPUIPlugin
2023-01-15 22:11:16,544 [INFO] IPUIPlugin:79 - create IPUIPlugin
2023-01-15 22:11:16,544 [INFO] IPUIPlugin:79 - create IPUIPlugin
2023-01-15 22:11:16,544 [INFO] IPUIPlugin:79 - create IPUIPlugin
2023-01-15 22:11:16,544 [INFO] IPUIPlugin:79 - create IPUIPlugin
2023-01-15 22:11:16,545 [INFO] IPUIPlugin:79 - create IPUIPlugin
2023-01-15 22:11:16,545 [INFO] IPUIPlugin:79 - create IPUIPlugin
2023-01-15 22:11:16,545 [INFO] IPUIPlugin:79 - create IPUIPlugin
2023-01-15 22:11:16,545 [INFO] IPUIPlugin:79 - create IPUIPlugin
2023-01-15 22:11:16,546 [INFO] IPUIPlugin:79 - create IPUIPlugin
2023-01-15 22:11:16,546 [INFO] IPUIPlugin:79 - create IPUIPlugin
2023-01-15 22:11:16,546 [INFO] IPUIPlugin:79 - create IPUIPlugin
2023-01-15 22:11:16,546 [INFO] IPUIPlugin:79 - create IPUIPlugin
2023-01-15 22:11:16,547 [INFO] IPUIPlugin:79 - create IPUIPlugin
2023-01-15 22:11:16,563 [INFO] IPUIPlugin:79 - create IPUIPlugin
2023-01-15 22:11:16,643 [INFO] ApiDbMcu:505 - Load IP Config File for PDM2PCM
2023-01-15 22:11:16,952 [INFO] CADModel:164 - CPN selected for project levelSTM32F411RET6
2023-01-15 22:11:16,953 [INFO] CADModel:113 - Register for checkConnection events
2023-01-15 22:11:17,018 [INFO] OpenFileManager:327 - Restore cursor
2023-01-15 22:11:17,924 [INFO] UtilMem:74 - End SaveConfig() Used Memory: 459057592 Bytes (540016640)
2023-01-15 22:11:18,045 [INFO] UtilMem:74 - End SaveConfig() Used Memory: 453646080 Bytes (540016640)
2023-01-15 22:11:18,769 [INFO] BlockDiagram:2759 - set Specific Code input for plugin: NVIC
2023-01-15 22:11:18,769 [INFO] BlockDiagram:2759 - set Specific Code input for plugin: USART
2023-01-15 22:11:18,769 [INFO] BlockDiagram:2759 - set Specific Code input for plugin: SYS
2023-01-15 22:11:18,770 [INFO] BlockDiagram:2759 - set Specific Code input for plugin: GPIO
2023-01-15 22:11:18,770 [INFO] BlockDiagram:2759 - set Specific Code input for plugin: RCC
2023-01-15 22:11:18,772 [INFO] CodeGenerator:692 - code generatio: config db path: C:\ST\STM32CubeIDE_1.11.0\STM32CubeIDE\plugins\com.st.stm32cube.common.mx_6.7.0.202211181646\\db\
2023-01-15 22:11:19,034 [INFO] CodeEngine:247 - oldGeneratedFile, C:\FRA222_MICROCONTROLLER\test00\MXTmpFiles\license.tmp_save
2023-01-15 22:11:19,346 [INFO] CodeEngine:271 - Generated code: C:\FRA222_MICROCONTROLLER\test00\MXTmpFiles\license.tmp
2023-01-15 22:11:19,392 [INFO] CodeEngine:247 - oldGeneratedFile, C:\FRA222_MICROCONTROLLER\test00\MXTmpFiles\gpio.tmp_save
2023-01-15 22:11:19,530 [INFO] CodeEngine:271 - Generated code: C:\FRA222_MICROCONTROLLER\test00\MXTmpFiles\gpio.tmp
2023-01-15 22:11:19,623 [INFO] CodeEngine:247 - oldGeneratedFile, C:\FRA222_MICROCONTROLLER\test00\Core\Src\stm32f4xx_it.c_save
2023-01-15 22:11:19,813 [INFO] CodeEngine:271 - Generated code: C:\FRA222_MICROCONTROLLER\test00\Core\Src\stm32f4xx_it.c
2023-01-15 22:11:19,821 [INFO] CodeEngine:247 - oldGeneratedFile, C:\FRA222_MICROCONTROLLER\test00\Core\Inc\stm32f4xx_it.h_save
2023-01-15 22:11:19,942 [INFO] CodeEngine:271 - Generated code: C:\FRA222_MICROCONTROLLER\test00\Core\Inc\stm32f4xx_it.h
2023-01-15 22:11:19,963 [INFO] CodeEngine:247 - oldGeneratedFile, C:\FRA222_MICROCONTROLLER\test00\Core\Src\stm32f4xx_hal_msp.c_save
2023-01-15 22:11:20,132 [INFO] CodeEngine:271 - Generated code: C:\FRA222_MICROCONTROLLER\test00\Core\Src\stm32f4xx_hal_msp.c
2023-01-15 22:11:20,138 [INFO] CodeEngine:247 - oldGeneratedFile, C:\FRA222_MICROCONTROLLER\test00\MXTmpFiles\system.tmp_save
2023-01-15 22:11:20,214 [INFO] CodeEngine:271 - Generated code: C:\FRA222_MICROCONTROLLER\test00\MXTmpFiles\system.tmp
2023-01-15 22:11:20,228 [INFO] CodeEngine:303 - oldGeneratedFile, C:\FRA222_MICROCONTROLLER\test00\Core\Inc\stm32f4xx_hal_conf.h_save
2023-01-15 22:11:20,391 [INFO] CodeEngine:327 - Generated code: C:\FRA222_MICROCONTROLLER\test00\Core\Inc\stm32f4xx_hal_conf.h
2023-01-15 22:11:20,446 [INFO] CodeEngine:247 - oldGeneratedFile, C:\FRA222_MICROCONTROLLER\test00\Core\Inc\main.h_save
2023-01-15 22:11:20,585 [INFO] CodeEngine:271 - Generated code: C:\FRA222_MICROCONTROLLER\test00\Core\Inc\main.h
2023-01-15 22:11:20,589 [INFO] CodeEngine:247 - oldGeneratedFile, C:\FRA222_MICROCONTROLLER\test00\Core\Src\main.c_save
2023-01-15 22:11:20,709 [INFO] CodeEngine:271 - Generated code: C:\FRA222_MICROCONTROLLER\test00\Core\Src\main.c
2023-01-15 22:11:21,410 [INFO] ProjectBuilder:2919 - Time for Copy HAL[1] : 260mS.
2023-01-15 22:11:21,421 [INFO] ProjectBuilder:4183 - Project Generator version: 3.18.0-B7
2023-01-15 22:11:21,654 [INFO] ConfigFileManager:1396 - The Die is : DIE431
2023-01-15 22:11:21,672 [INFO] ApiDbMcu:505 - Load IP Config File for FATFS
2023-01-15 22:11:21,676 [INFO] ApiDbMcu:505 - Load IP Config File for FREERTOS
2023-01-15 22:11:21,678 [INFO] ApiDbMcu:505 - Load IP Config File for LIBJPEG
2023-01-15 22:11:21,681 [INFO] ApiDbMcu:505 - Load IP Config File for MBEDTLS
2023-01-15 22:11:21,706 [INFO] ApiDbMcu:505 - Load IP Config File for USB_DEVICE
2023-01-15 22:11:21,709 [INFO] ApiDbMcu:505 - Load IP Config File for USB_HOST
2023-01-15 22:11:23,937 [INFO] ProjectBuilder:4351 - Time for Generating toolchain IDE Files: 2516mS.
2023-01-15 22:11:23,938 [INFO] ProjectBuilder:2790 - Time for Copy CMSIS : 1mS.
2023-01-15 22:11:23,941 [INFO] ProjectBuilder:2790 - Time for Copy CMSIS : 0mS.
2023-01-15 22:11:24,347 [INFO] McuFinderGlobals:65 - Set McuFinderConnectedMode to true
2023-01-15 22:11:24,351 [INFO] ApiDb:447 - Save user favorites file C:\Users\pawee/.stm32cubeide/favorites.mcus.txt: 0 item(s)
2023-01-15 22:11:24,352 [INFO] ApiDb:451 - User favorites MCUs=[]
2023-01-15 22:11:24,354 [INFO] ApiDb:447 - Save user favorites file C:\Users\pawee/.stm32cubeide/favorites.boards.txt: 0 item(s)
2023-01-15 22:11:24,355 [INFO] ApiDb:451 - User favorites Boards=[]
2023-01-15 22:11:29,229 [INFO] UtilMem:74 - End SaveConfig() Used Memory: 458401272 Bytes (849346560)
2023-01-15 22:11:29,707 [INFO] BlockDiagram:2759 - set Specific Code input for plugin: NVIC
2023-01-15 22:11:29,707 [INFO] BlockDiagram:2759 - set Specific Code input for plugin: USART
2023-01-15 22:11:29,707 [INFO] BlockDiagram:2759 - set Specific Code input for plugin: SYS
2023-01-15 22:11:29,707 [INFO] BlockDiagram:2759 - set Specific Code input for plugin: GPIO
2023-01-15 22:11:29,708 [INFO] BlockDiagram:2759 - set Specific Code input for plugin: RCC
2023-01-15 22:11:29,709 [INFO] CodeGenerator:692 - code generatio: config db path: C:\ST\STM32CubeIDE_1.11.0\STM32CubeIDE\plugins\com.st.stm32cube.common.mx_6.7.0.202211181646\\db\
2023-01-15 22:11:29,990 [INFO] CodeEngine:247 - oldGeneratedFile, C:\FRA222_MICROCONTROLLER\test00\MXTmpFiles\license.tmp_save
2023-01-15 22:11:30,102 [INFO] CodeEngine:271 - Generated code: C:\FRA222_MICROCONTROLLER\test00\MXTmpFiles\license.tmp
2023-01-15 22:11:30,124 [INFO] CodeEngine:247 - oldGeneratedFile, C:\FRA222_MICROCONTROLLER\test00\MXTmpFiles\gpio.tmp_save
2023-01-15 22:11:30,205 [INFO] CodeEngine:271 - Generated code: C:\FRA222_MICROCONTROLLER\test00\MXTmpFiles\gpio.tmp
2023-01-15 22:11:30,260 [INFO] CodeEngine:247 - oldGeneratedFile, C:\FRA222_MICROCONTROLLER\test00\Core\Src\stm32f4xx_it.c_save
2023-01-15 22:11:30,329 [INFO] CodeEngine:271 - Generated code: C:\FRA222_MICROCONTROLLER\test00\Core\Src\stm32f4xx_it.c
2023-01-15 22:11:30,340 [INFO] CodeEngine:247 - oldGeneratedFile, C:\FRA222_MICROCONTROLLER\test00\Core\Inc\stm32f4xx_it.h_save
2023-01-15 22:11:30,398 [INFO] CodeEngine:271 - Generated code: C:\FRA222_MICROCONTROLLER\test00\Core\Inc\stm32f4xx_it.h
2023-01-15 22:11:30,415 [INFO] CodeEngine:247 - oldGeneratedFile, C:\FRA222_MICROCONTROLLER\test00\Core\Src\stm32f4xx_hal_msp.c_save
2023-01-15 22:11:30,501 [INFO] CodeEngine:271 - Generated code: C:\FRA222_MICROCONTROLLER\test00\Core\Src\stm32f4xx_hal_msp.c
2023-01-15 22:11:30,507 [INFO] CodeEngine:247 - oldGeneratedFile, C:\FRA222_MICROCONTROLLER\test00\MXTmpFiles\system.tmp_save
2023-01-15 22:11:30,560 [INFO] CodeEngine:271 - Generated code: C:\FRA222_MICROCONTROLLER\test00\MXTmpFiles\system.tmp
2023-01-15 22:11:30,570 [INFO] CodeEngine:303 - oldGeneratedFile, C:\FRA222_MICROCONTROLLER\test00\Core\Inc\stm32f4xx_hal_conf.h_save
2023-01-15 22:11:30,642 [INFO] CodeEngine:327 - Generated code: C:\FRA222_MICROCONTROLLER\test00\Core\Inc\stm32f4xx_hal_conf.h
2023-01-15 22:11:30,676 [INFO] CodeEngine:247 - oldGeneratedFile, C:\FRA222_MICROCONTROLLER\test00\Core\Inc\main.h_save
2023-01-15 22:11:30,774 [INFO] CodeEngine:271 - Generated code: C:\FRA222_MICROCONTROLLER\test00\Core\Inc\main.h
2023-01-15 22:11:30,786 [INFO] CodeEngine:247 - oldGeneratedFile, C:\FRA222_MICROCONTROLLER\test00\Core\Src\main.c_save
2023-01-15 22:11:30,864 [INFO] CodeEngine:271 - Generated code: C:\FRA222_MICROCONTROLLER\test00\Core\Src\main.c
2023-01-15 22:11:31,573 [INFO] ProjectBuilder:2919 - Time for Copy HAL[1] : 211mS.
2023-01-15 22:11:31,577 [INFO] ProjectBuilder:4183 - Project Generator version: 3.18.0-B7
2023-01-15 22:11:31,849 [INFO] ConfigFileManager:1396 - The Die is : DIE431
2023-01-15 22:11:33,037 [INFO] ProjectBuilder:4351 - Time for Generating toolchain IDE Files: 1459mS.
2023-01-15 22:11:33,038 [INFO] ProjectBuilder:2790 - Time for Copy CMSIS : 1mS.
2023-01-15 22:11:33,040 [INFO] ProjectBuilder:2790 - Time for Copy CMSIS : 0mS.
